<?xml version="1.0" encoding="UTF-8"?>
<robot generator="Robot 7.4.1 (Python 3.11.9 on win32)" generated="2026-06-08T01:49:01.506147" rpa="false" schemaversion="5">
<suite id="s1" name="02 Dang Ky Xem Can Ho" source="D:\xanhstay_automation\tests\02_dang_ky_xem_can_ho.robot">
<kw name="Mo Ung Dung Va Dang Nhap He Thong" owner="keywords" type="SETUP">
<kw name="Setup-Open Application" owner="keywords">
<kw name="Set Variable" owner="BuiltIn">
<msg time="2026-06-08T01:49:01.864388" level="INFO">${target_package} = com.xanh.stay</msg>
<var>${target_package}</var>
<arg>${user_appPackage}</arg>
<doc>Returns the given values which can then be assigned to a variables.</doc>
<status status="PASS" start="2026-06-08T01:49:01.864388" elapsed="0.000000"/>
</kw>
<kw name="Set Variable" owner="BuiltIn">
<msg time="2026-06-08T01:49:01.865387" level="INFO">${target_activity} = com.xanh.stay.MainActivity</msg>
<var>${target_activity}</var>
<arg>${user_appActivity}</arg>
<doc>Returns the given values which can then be assigned to a variables.</doc>
<status status="PASS" start="2026-06-08T01:49:01.864388" elapsed="0.000999"/>
</kw>
<if>
<branch type="IF" condition="'${app_type}' == 'admin'">
<kw name="Set Variable" owner="BuiltIn">
<var>${target_package}</var>
<arg>${admin_appPackage}</arg>
<doc>Returns the given values which can then be assigned to a variables.</doc>
<status status="NOT RUN" start="2026-06-08T01:49:01.865387" elapsed="0.000000"/>
</kw>
<kw name="Set Variable" owner="BuiltIn">
<var>${target_activity}</var>
<arg>${admin_appActivity}</arg>
<doc>Returns the given values which can then be assigned to a variables.</doc>
<status status="NOT RUN" start="2026-06-08T01:49:01.865387" elapsed="0.000000"/>
</kw>
<status status="NOT RUN" start="2026-06-08T01:49:01.865387" elapsed="0.000000"/>
</branch>
<status status="PASS" start="2026-06-08T01:49:01.865387" elapsed="0.000000"/>
</if>
<kw name="Open Application" owner="AppiumLibrary">
<arg>remote_url=${remote_url}</arg>
<arg>automationName=${automationName}</arg>
<arg>platformName=${platformName}</arg>
<arg>deviceName=${deviceName}</arg>
<arg>platformVersion=${platformVersion}</arg>
<arg>appPackage=${target_package}</arg>
<arg>appActivity=${target_activity}</arg>
<arg>noReset=${noReset}</arg>
<arg>fullReset=${fullReset}</arg>
<arg>disableIdLocatorAutocompletion=${disableIdLocatorAutocompletion}</arg>
<doc>Opens a new application to the given Appium server.
Capabilities of appium server, Android and iOS,
Please check https://appium.io/docs/en/2.19/guides/caps/
| *Option*            | *Man.* | *Description*     |
| remote_url          | Yes    | Appium server url |
| alias               | No     | alias             |</doc>
<status status="PASS" start="2026-06-08T01:49:01.865387" elapsed="5.771211"/>
</kw>
<kw name="Log To Console" owner="BuiltIn">
<arg>\n[Info] Đã mở thành công App: ${app_type}</arg>
<doc>Logs the given message to the console.</doc>
<status status="PASS" start="2026-06-08T01:49:07.638012" elapsed="0.000000"/>
</kw>
<doc>Mở ứng dụng tùy chọn. Mặc định là mở App User. Truyền 'admin' để mở App Admin.</doc>
<status status="PASS" start="2026-06-08T01:49:01.864388" elapsed="5.773624"/>
</kw>
<kw name="Thuc Hien Dang Nhap" owner="dang_nhap_keywords">
<kw name="Common - Click Element" owner="keywords">
<kw name="Wait Until Element Is Visible" owner="AppiumLibrary">
<msg time="2026-06-08T01:49:18.397380" level="INFO">xpath criteria: //*[@bounds='[60,2762][270,2972]']
xpath criteria: //*[@bounds='[60,2762][270,2972]']
xpath criteria: //*[@bounds='[60,2762][270,2972]']
xpath criteria: //*[@bounds='[60,2762][270,2972]']
xpath criteria: //*[@bounds='[60,2762][270,2972]']
xpath criteria: //*[@bounds='[60,2762][270,2972]']
xpath criteria: //*[@bounds='[60,2762][270,2972]']
xpath criteria: //*[@bounds='[60,2762][270,2972]']
xpath criteria: //*[@bounds='[60,2762][270,2972]']
xpath criteria: //*[@bounds='[60,2762][270,2972]']
xpath criteria: //*[@bounds='[60,2762][270,2972]']</msg>
<arg>${locator}</arg>
<arg>30s</arg>
<doc>Waits until the element specified by the ``locator`` is visible.</doc>
<status status="PASS" start="2026-06-08T01:49:07.639221" elapsed="10.758159"/>
</kw>
<kw name="Click Element" owner="AppiumLibrary">
<msg time="2026-06-08T01:49:18.400386" level="INFO">Clicking element 'xpath=//*[@bounds='[60,2762][270,2972]']'.</msg>
<msg time="2026-06-08T01:49:23.006289" level="INFO">xpath criteria: //*[@bounds='[60,2762][270,2972]']</msg>
<arg>${locator}</arg>
<doc>Clicks the element identified by ``locator``.</doc>
<status status="PASS" start="2026-06-08T01:49:18.397380" elapsed="4.608909"/>
</kw>
<arg>${btn_menu}</arg>
<status status="PASS" start="2026-06-08T01:49:07.638012" elapsed="15.368277"/>
</kw>
<kw name="Common - Click Element" owner="keywords">
<kw name="Wait Until Element Is Visible" owner="AppiumLibrary">
<msg time="2026-06-08T01:49:23.059685" level="INFO">criteria is btn_menu_personal</msg>
<arg>${locator}</arg>
<arg>30s</arg>
<doc>Waits until the element specified by the ``locator`` is visible.</doc>
<status status="PASS" start="2026-06-08T01:49:23.007300" elapsed="0.052385"/>
</kw>
<kw name="Click Element" owner="AppiumLibrary">
<msg time="2026-06-08T01:49:23.063197" level="INFO">Clicking element 'id=btn_menu_personal'.</msg>
<msg time="2026-06-08T01:49:23.152661" level="INFO">criteria is btn_menu_personal</msg>
<arg>${locator}</arg>
<doc>Clicks the element identified by ``locator``.</doc>
<status status="PASS" start="2026-06-08T01:49:23.059685" elapsed="0.092976"/>
</kw>
<arg>${btn_option_ca_nhan}</arg>
<status status="PASS" start="2026-06-08T01:49:23.006289" elapsed="0.146372"/>
</kw>
<kw name="Common - Click Element" owner="keywords">
<kw name="Wait Until Element Is Visible" owner="AppiumLibrary">
<arg>${locator}</arg>
<arg>30s</arg>
<doc>Waits until the element specified by the ``locator`` is visible.</doc>
<status status="PASS" start="2026-06-08T01:49:23.152661" elapsed="4.611757"/>
</kw>
<kw name="Click Element" owner="AppiumLibrary">
<msg time="2026-06-08T01:49:27.767427" level="INFO">Clicking element 'accessibility_id=Đăng nhập'.</msg>
<arg>${locator}</arg>
<doc>Clicks the element identified by ``locator``.</doc>
<status status="PASS" start="2026-06-08T01:49:27.764418" elapsed="0.915843"/>
</kw>
<arg>${btn_open_form_login}</arg>
<status status="PASS" start="2026-06-08T01:49:23.152661" elapsed="5.528593"/>
</kw>
<kw name="Common - Click Element" owner="keywords">
<kw name="Wait Until Element Is Visible" owner="AppiumLibrary">
<msg time="2026-06-08T01:49:28.739422" level="INFO">criteria is login_phone_number</msg>
<arg>${locator}</arg>
<arg>30s</arg>
<doc>Waits until the element specified by the ``locator`` is visible.</doc>
<status status="PASS" start="2026-06-08T01:49:28.681254" elapsed="0.058168"/>
</kw>
<kw name="Click Element" owner="AppiumLibrary">
<msg time="2026-06-08T01:49:28.742963" level="INFO">Clicking element 'id=login_phone_number'.</msg>
<msg time="2026-06-08T01:49:28.848918" level="INFO">criteria is login_phone_number</msg>
<arg>${locator}</arg>
<doc>Clicks the element identified by ``locator``.</doc>
<status status="PASS" start="2026-06-08T01:49:28.739422" elapsed="0.109496"/>
</kw>
<arg>${input_phone_number}</arg>
<status status="PASS" start="2026-06-08T01:49:28.681254" elapsed="0.167664"/>
</kw>
<kw name="Common - Input Element" owner="keywords">
<kw name="Wait Until Element Is Visible" owner="AppiumLibrary">
<msg time="2026-06-08T01:49:29.886567" level="INFO">criteria is login_phone_number</msg>
<arg>${input_locator}</arg>
<arg>5s</arg>
<arg>error=${error_msg_input}</arg>
<doc>Waits until the element specified by the ``locator`` is visible.</doc>
<status status="PASS" start="2026-06-08T01:49:28.849936" elapsed="1.036631"/>
</kw>
<kw name="Clear Text" owner="AppiumLibrary">
<msg time="2026-06-08T01:49:29.889583" level="INFO">Clear text field 'id=login_phone_number'</msg>
<msg time="2026-06-08T01:49:29.968331" level="INFO">criteria is login_phone_number</msg>
<arg>${input_locator}</arg>
<doc>Clears the text field identified by ``locator``.</doc>
<status status="PASS" start="2026-06-08T01:49:29.886567" elapsed="0.081764"/>
</kw>
<kw name="Input Text" owner="AppiumLibrary">
<msg time="2026-06-08T01:49:29.971337" level="INFO">Typing text '0989628827' into text field 'id=login_phone_number'</msg>
<msg time="2026-06-08T01:49:30.030463" level="INFO">criteria is login_phone_number</msg>
<arg>${input_locator}</arg>
<arg>${value}</arg>
<doc>Types the given ``text`` into the text field identified by ``locator``.</doc>
<status status="PASS" start="2026-06-08T01:49:29.968331" elapsed="0.062132"/>
</kw>
<arg>${input_phone_number}</arg>
<arg>${so_dien_thoai}</arg>
<status status="PASS" start="2026-06-08T01:49:28.848918" elapsed="1.181545"/>
</kw>
<kw name="Common - Click Element" owner="keywords">
<kw name="Wait Until Element Is Visible" owner="AppiumLibrary">
<msg time="2026-06-08T01:49:30.613330" level="INFO">criteria is login_password</msg>
<arg>${locator}</arg>
<arg>30s</arg>
<doc>Waits until the element specified by the ``locator`` is visible.</doc>
<status status="PASS" start="2026-06-08T01:49:30.031468" elapsed="0.581862"/>
</kw>
<kw name="Click Element" owner="AppiumLibrary">
<msg time="2026-06-08T01:49:30.616336" level="INFO">Clicking element 'id=login_password'.</msg>
<msg time="2026-06-08T01:49:30.712339" level="INFO">criteria is login_password</msg>
<arg>${locator}</arg>
<doc>Clicks the element identified by ``locator``.</doc>
<status status="PASS" start="2026-06-08T01:49:30.613330" elapsed="0.099009"/>
</kw>
<arg>${input_password}</arg>
<status status="PASS" start="2026-06-08T01:49:30.031468" elapsed="0.680871"/>
</kw>
<kw name="Common - Input Element" owner="keywords">
<kw name="Wait Until Element Is Visible" owner="AppiumLibrary">
<msg time="2026-06-08T01:49:31.373434" level="INFO">criteria is login_password</msg>
<arg>${input_locator}</arg>
<arg>5s</arg>
<arg>error=${error_msg_input}</arg>
<doc>Waits until the element specified by the ``locator`` is visible.</doc>
<status status="PASS" start="2026-06-08T01:49:30.712339" elapsed="0.661095"/>
</kw>
<kw name="Clear Text" owner="AppiumLibrary">
<msg time="2026-06-08T01:49:31.375814" level="INFO">Clear text field 'id=login_password'</msg>
<msg time="2026-06-08T01:49:31.414536" level="INFO">criteria is login_password</msg>
<arg>${input_locator}</arg>
<doc>Clears the text field identified by ``locator``.</doc>
<status status="PASS" start="2026-06-08T01:49:31.373434" elapsed="0.041102"/>
</kw>
<kw name="Input Text" owner="AppiumLibrary">
<msg time="2026-06-08T01:49:31.416687" level="INFO">Typing text 'Dung123@' into text field 'id=login_password'</msg>
<msg time="2026-06-08T01:49:31.485639" level="INFO">criteria is login_password</msg>
<arg>${input_locator}</arg>
<arg>${value}</arg>
<doc>Types the given ``text`` into the text field identified by ``locator``.</doc>
<status status="PASS" start="2026-06-08T01:49:31.414536" elapsed="0.071103"/>
</kw>
<arg>${input_password}</arg>
<arg>${mat_khau}</arg>
<status status="PASS" start="2026-06-08T01:49:30.712339" elapsed="0.773300"/>
</kw>
<kw name="Common - Click Element" owner="keywords">
<kw name="Wait Until Element Is Visible" owner="AppiumLibrary">
<msg time="2026-06-08T01:49:32.060254" level="INFO">criteria is btn_login</msg>
<arg>${locator}</arg>
<arg>30s</arg>
<doc>Waits until the element specified by the ``locator`` is visible.</doc>
<status status="PASS" start="2026-06-08T01:49:31.485639" elapsed="0.574615"/>
</kw>
<kw name="Click Element" owner="AppiumLibrary">
<msg time="2026-06-08T01:49:32.063766" level="INFO">Clicking element 'id=btn_login'.</msg>
<msg time="2026-06-08T01:49:32.648193" level="INFO">criteria is btn_login</msg>
<arg>${locator}</arg>
<doc>Clicks the element identified by ``locator``.</doc>
<status status="PASS" start="2026-06-08T01:49:32.060254" elapsed="0.587939"/>
</kw>
<arg>${btn_nav_login}</arg>
<status status="PASS" start="2026-06-08T01:49:31.485639" elapsed="1.162554"/>
</kw>
<arg>${dt_phone_number}</arg>
<arg>${dt_password}</arg>
<status status="PASS" start="2026-06-08T01:49:07.638012" elapsed="25.010181"/>
</kw>
<kw name="Log To Console" owner="BuiltIn">
<arg>\n[Info] Đã mở App và Đăng nhập thành công!</arg>
<doc>Logs the given message to the console.</doc>
<status status="PASS" start="2026-06-08T01:49:32.648193" elapsed="0.000000"/>
</kw>
<arg>${dt_phone_number}</arg>
<arg>${dt_password}</arg>
<doc>Gộp bước mở Appium và Đăng nhập để dùng cho Suite Setup</doc>
<status status="PASS" start="2026-06-08T01:49:01.863393" elapsed="30.785942"/>
</kw>
<test id="s1-t1" name="TC_03_Kiem_Tra_Thong_Tin_Lien_He_Khop_voi_Tai_Khoan_Dang_Nhap" line="21">
<kw name="Kiem Tra Du Lieu Thong Tin Tai Khoan Man Dang Ky Xem Can Ho" owner="dang_ky_xem_can_ho_keywords">
<kw name="Common - Click Element" owner="keywords">
<kw name="Wait Until Element Is Visible" owner="AppiumLibrary">
<msg time="2026-06-08T01:49:40.886164" level="INFO">xpath criteria: //*[@bounds='[368,2792][606,2942]']
xpath criteria: //*[@bounds='[368,2792][606,2942]']
xpath criteria: //*[@bounds='[368,2792][606,2942]']
xpath criteria: //*[@bounds='[368,2792][606,2942]']
xpath criteria: //*[@bounds='[368,2792][606,2942]']
xpath criteria: //*[@bounds='[368,2792][606,2942]']
xpath criteria: //*[@bounds='[368,2792][606,2942]']
xpath criteria: //*[@bounds='[368,2792][606,2942]']
xpath criteria: //*[@bounds='[368,2792][606,2942]']
xpath criteria: //*[@bounds='[368,2792][606,2942]']
xpath criteria: //*[@bounds='[368,2792][606,2942]']
xpath criteria: //*[@bounds='[368,2792][606,2942]']
xpath criteria: //*[@bounds='[368,2792][606,2942]']
xpath criteria: //*[@bounds='[368,2792][606,2942]']
xpath criteria: //*[@bounds='[368,2792][606,2942]']
xpath criteria: //*[@bounds='[368,2792][606,2942]']
xpath criteria: //*[@bounds='[368,2792][606,2942]']
xpath criteria: //*[@bounds='[368,2792][606,2942]']</msg>
<arg>${locator}</arg>
<arg>30s</arg>
<doc>Waits until the element specified by the ``locator`` is visible.</doc>
<status status="PASS" start="2026-06-08T01:49:32.650348" elapsed="8.235816"/>
</kw>
<kw name="Click Element" owner="AppiumLibrary">
<msg time="2026-06-08T01:49:40.889317" level="INFO">Clicking element 'xpath=//*[@bounds='[368,2792][606,2942]']'.</msg>
<msg time="2026-06-08T01:49:45.549781" level="INFO">xpath criteria: //*[@bounds='[368,2792][606,2942]']</msg>
<arg>${locator}</arg>
<doc>Clicks the element identified by ``locator``.</doc>
<status status="PASS" start="2026-06-08T01:49:40.886164" elapsed="4.663617"/>
</kw>
<arg>${menu_tim_nha}</arg>
<status status="PASS" start="2026-06-08T01:49:32.649335" elapsed="12.900446"/>
</kw>
<kw name="Common - Click Element" owner="keywords">
<kw name="Wait Until Element Is Visible" owner="AppiumLibrary">
<msg time="2026-06-08T01:49:45.613250" level="INFO">xpath criteria: //android.widget.ImageView[@resource-id='btn_view_ads_detail'][1]</msg>
<arg>${locator}</arg>
<arg>30s</arg>
<doc>Waits until the element specified by the ``locator`` is visible.</doc>
<status status="PASS" start="2026-06-08T01:49:45.551293" elapsed="0.061957"/>
</kw>
<kw name="Click Element" owner="AppiumLibrary">
<msg time="2026-06-08T01:49:45.616239" level="INFO">Clicking element 'xpath=//android.widget.ImageView[@resource-id='btn_view_ads_detail'][1]'.</msg>
<msg time="2026-06-08T01:49:46.488333" level="INFO">xpath criteria: //android.widget.ImageView[@resource-id='btn_view_ads_detail'][1]</msg>
<arg>${locator}</arg>
<doc>Clicks the element identified by ``locator``.</doc>
<status status="PASS" start="2026-06-08T01:49:45.613250" elapsed="0.875083"/>
</kw>
<arg>${btn_xem_chi_tiet_can_ho}</arg>
<status status="PASS" start="2026-06-08T01:49:45.551293" elapsed="0.938056"/>
</kw>
<kw name="Common - Click Element" owner="keywords">
<kw name="Wait Until Element Is Visible" owner="AppiumLibrary">
<arg>${locator}</arg>
<arg>30s</arg>
<doc>Waits until the element specified by the ``locator`` is visible.</doc>
<status status="PASS" start="2026-06-08T01:49:46.489349" elapsed="5.382085"/>
</kw>
<kw name="Click Element" owner="AppiumLibrary">
<msg time="2026-06-08T01:49:51.874449" level="INFO">Clicking element 'accessibility_id=Đăng ký xem căn hộ'.</msg>
<arg>${locator}</arg>
<doc>Clicks the element identified by ``locator``.</doc>
<status status="PASS" start="2026-06-08T01:49:51.871434" elapsed="0.569862"/>
</kw>
<arg>${btn_dang_ky_xem_can_ho}</arg>
<status status="PASS" start="2026-06-08T01:49:46.489349" elapsed="5.952953"/>
</kw>
<kw name="Common - Vuot Man Hinh Tim Element" owner="keywords">
<msg time="2026-06-08T01:49:52.444310" level="FAIL">Variable '${actual_so_dien_thoai}' not found.</msg>
<arg>${actual_so_dien_thoai}</arg>
<arg>1</arg>
<doc>Vuốt màn hình từ dưới lên trên để tìm element bị khuất theo tỷ lệ %</doc>
<status status="FAIL" start="2026-06-08T01:49:52.442302" elapsed="0.002008">Variable '${actual_so_dien_thoai}' not found.</status>
</kw>
<kw name="Wait Until Page Contains Element" owner="AppiumLibrary">
<arg>${input_ho_ten}</arg>
<arg>30s</arg>
<doc>Waits until the element specified by the ``locator`` appears on the current page.</doc>
<status status="NOT RUN" start="2026-06-08T01:49:52.444310" elapsed="0.000993"/>
</kw>
<kw name="Get Text" owner="AppiumLibrary">
<var>${actual_ho_ten}</var>
<arg>${input_ho_ten}</arg>
<doc>Returns the text of the element with the ``locator``.</doc>
<status status="NOT RUN" start="2026-06-08T01:49:52.445303" elapsed="0.000000"/>
</kw>
<kw name="Should Be Equal As Strings" owner="BuiltIn">
<arg>${dt_ho_ten}</arg>
<arg>${actual_ho_ten}</arg>
<arg>msg=\n[LỖI AUTO-FILL]: Họ tên tự động điền bị sai lệch, mong muốn: [${dt_ho_ten}] nhưng thực tế hiển thị: [${actual_ho_ten}]</arg>
<doc>Fails if objects are unequal after converting them to strings.</doc>
<status status="NOT RUN" start="2026-06-08T01:49:52.445303" elapsed="0.000000"/>
</kw>
<kw name="Get Text" owner="AppiumLibrary">
<var>${actual_email}</var>
<arg>${input_email}</arg>
<doc>Returns the text of the element with the ``locator``.</doc>
<status status="NOT RUN" start="2026-06-08T01:49:52.445303" elapsed="0.000000"/>
</kw>
<kw name="Should Be Equal As Strings" owner="BuiltIn">
<arg>${dt_email}</arg>
<arg>${actual_email}</arg>
<arg>msg=\n[LỖI AUTO-FILL]: Họ tên tự động điền bị sai lệch, mong muốn: [${dt_email}] nhưng thực tế hiển thị: [${actual_email}]</arg>
<doc>Fails if objects are unequal after converting them to strings.</doc>
<status status="NOT RUN" start="2026-06-08T01:49:52.445303" elapsed="0.000000"/>
</kw>
<kw name="Get Text" owner="AppiumLibrary">
<var>${actual_so_dien_thoai}</var>
<arg>${input_so_dien_thoai}</arg>
<doc>Returns the text of the element with the ``locator``.</doc>
<status status="NOT RUN" start="2026-06-08T01:49:52.445303" elapsed="0.000000"/>
</kw>
<kw name="Should Be Equal As Strings" owner="BuiltIn">
<arg>${dt_phone_number}</arg>
<arg>${actual_so_dien_thoai}</arg>
<arg>msg=\n[LỖI AUTO-FILL]: Họ tên tự động điền bị sai lệch, mong muốn: [${dt_phone_number}] nhưng thực tế hiển thị: [${actual_so_dien_thoai}]</arg>
<doc>Fails if objects are unequal after converting them to strings.</doc>
<status status="NOT RUN" start="2026-06-08T01:49:52.445303" elapsed="0.000000"/>
</kw>
<kw name="Sleep" owner="BuiltIn">
<arg>3s</arg>
<doc>Pauses the test executed for the given time.</doc>
<status status="NOT RUN" start="2026-06-08T01:49:52.445303" elapsed="0.001001"/>
</kw>
<arg>${dt_ho_ten}</arg>
<arg>${dt_email}</arg>
<arg>${dt_phone_number}</arg>
<status status="FAIL" start="2026-06-08T01:49:32.649335" elapsed="19.796969">Variable '${actual_so_dien_thoai}' not found.</status>
</kw>
<status status="FAIL" start="2026-06-08T01:49:32.649335" elapsed="19.796969">Variable '${actual_so_dien_thoai}' not found.</status>
</test>
<kw name="Teardown - Chup Anh Va Dong App" owner="keywords" type="TEARDOWN">
<kw name="Set Global Variable" owner="BuiltIn">
<msg time="2026-06-08T01:49:52.449302" level="INFO">${raw_name} = None</msg>
<msg time="2026-06-08T01:49:52.449302" level="FAIL">Variable '${TEST_NAME}' not found. Did you mean:
    ${PREV_TEST_NAME}</msg>
<var>${raw_name}</var>
<arg>${TEST_NAME}</arg>
<doc>Makes a variable available globally in all tests and suites.</doc>
<status status="FAIL" start="2026-06-08T01:49:52.447303" elapsed="0.001999">Variable '${TEST_NAME}' not found. Did you mean:
    ${PREV_TEST_NAME}</status>
</kw>
<kw name="Replace String Using Regexp" owner="String">
<msg time="2026-06-08T01:49:52.449302" level="INFO">${safe_name} = None</msg>
<var>${safe_name}</var>
<arg>${raw_name}</arg>
<arg>[:\\\\/*?"&lt;&gt;|]</arg>
<arg>_</arg>
<doc>Replaces ``pattern`` in the given ``string`` with ``replace_with``.</doc>
<status status="PASS" start="2026-06-08T01:49:52.449302" elapsed="0.000000"/>
</kw>
<kw name="Replace String Using Regexp" owner="String">
<msg time="2026-06-08T01:49:52.450302" level="INFO">${safe_name} = None</msg>
<var>${safe_name}</var>
<arg>${safe_name}</arg>
<arg>\\s+</arg>
<arg>_</arg>
<doc>Replaces ``pattern`` in the given ``string`` with ``replace_with``.</doc>
<status status="PASS" start="2026-06-08T01:49:52.449302" elapsed="0.001000"/>
</kw>
<kw name="Strip String" owner="String">
<msg time="2026-06-08T01:49:52.450302" level="INFO">${safe_name} = None</msg>
<var>${safe_name}</var>
<arg>${safe_name}</arg>
<arg>characters=_</arg>
<doc>Remove leading and/or trailing whitespaces from the given string.</doc>
<status status="PASS" start="2026-06-08T01:49:52.450302" elapsed="0.000000"/>
</kw>
<kw name="Run Keyword If Test Failed" owner="BuiltIn">
<msg time="2026-06-08T01:49:52.451313" level="FAIL">Keyword 'Run Keyword If Test Failed' can only be used in test teardown.</msg>
<arg>Capture Page Screenshot</arg>
<arg>${safe_name}.png</arg>
<doc>Runs the given keyword with the given arguments, if the test failed.</doc>
<status status="FAIL" start="2026-06-08T01:49:52.450302" elapsed="0.001011">Keyword 'Run Keyword If Test Failed' can only be used in test teardown.</status>
</kw>
<kw name="Teardown - Close application" owner="keywords">
<kw name="Close Application" owner="AppiumLibrary">
<doc>Closes the current application and the webdriver session.</doc>
<status status="PASS" start="2026-06-08T01:49:52.451820" elapsed="0.492887"/>
</kw>
<status status="PASS" start="2026-06-08T01:49:52.451313" elapsed="0.493394"/>
</kw>
<status status="FAIL" start="2026-06-08T01:49:52.447303" elapsed="0.498404">Several failures occurred:

1) Variable '${TEST_NAME}' not found. Did you mean:
    ${PREV_TEST_NAME}

2) Keyword 'Run Keyword If Test Failed' can only be used in test teardown.</status>
</kw>
<status status="FAIL" start="2026-06-08T01:49:01.507148" elapsed="51.438559">Suite teardown failed:
Several failures occurred:

1) Variable '${TEST_NAME}' not found. Did you mean:
    ${PREV_TEST_NAME}

2) Keyword 'Run Keyword If Test Failed' can only be used in test teardown.</status>
</suite>
<statistics>
<total>
<stat pass="0" fail="1" skip="0">All Tests</stat>
</total>
<tag>
</tag>
<suite>
<stat name="02 Dang Ky Xem Can Ho" id="s1" pass="0" fail="1" skip="0">02 Dang Ky Xem Can Ho</stat>
</suite>
</statistics>
<errors>
</errors>
</robot>
