<?xml version="1.0" encoding="UTF-8"?>
<robot generator="Robot 7.4.1 (Python 3.11.9 on win32)" generated="2026-05-29T02:10:10.610955" rpa="false" schemaversion="5">
<suite id="s1" name="02 Dang Ky Xem Can Ho" source="D:\xanhstay_automation\tests\02_dang_ky_xem_can_ho.robot">
<kw name="Mo Ung Dung Va Dang Nhap He Thong" owner="keywords" type="SETUP">
<kw name="Setup-Open application" owner="keywords">
<kw name="Set Variable" owner="BuiltIn">
<msg time="2026-05-29T02:10:10.894510" level="INFO">${target_package} = com.xanh.stay</msg>
<var>${target_package}</var>
<arg>${user_appPackage}</arg>
<doc>Returns the given values which can then be assigned to a variables.</doc>
<status status="PASS" start="2026-05-29T02:10:10.894510" elapsed="0.000000"/>
</kw>
<kw name="Set Variable" owner="BuiltIn">
<msg time="2026-05-29T02:10:10.894510" level="INFO">${target_activity} = com.xanh.stay.MainActivity</msg>
<var>${target_activity}</var>
<arg>${user_appActivity}</arg>
<doc>Returns the given values which can then be assigned to a variables.</doc>
<status status="PASS" start="2026-05-29T02:10:10.894510" elapsed="0.000000"/>
</kw>
<if>
<branch type="IF" condition="'${app_type}' == 'admin'">
<kw name="Set Variable" owner="BuiltIn">
<var>${target_package}</var>
<arg>${admin_appPackage}</arg>
<doc>Returns the given values which can then be assigned to a variables.</doc>
<status status="NOT RUN" start="2026-05-29T02:10:10.895503" elapsed="0.000000"/>
</kw>
<kw name="Set Variable" owner="BuiltIn">
<var>${target_activity}</var>
<arg>${admin_appActivity}</arg>
<doc>Returns the given values which can then be assigned to a variables.</doc>
<status status="NOT RUN" start="2026-05-29T02:10:10.895503" elapsed="0.000000"/>
</kw>
<status status="NOT RUN" start="2026-05-29T02:10:10.894510" elapsed="0.000993"/>
</branch>
<status status="PASS" start="2026-05-29T02:10:10.894510" elapsed="0.000993"/>
</if>
<kw name="Open Application" owner="AppiumLibrary">
<arg>remote_url=${remote_url}</arg>
<arg>automationName=${automationName}</arg>
<arg>platformName=${platformName}</arg>
<arg>deviceName=${deviceName}</arg>
<arg>platformVersion=${platformVersion}</arg>
<arg>appPackage=${target_package}</arg>
<arg>appActivity=${target_activity}</arg>
<arg>noReset=${noReset}</arg>
<arg>fullReset=${fullReset}</arg>
<arg>disableIdLocatorAutocompletion=${disableIdLocatorAutocompletion}</arg>
<doc>Opens a new application to the given Appium server.
Capabilities of appium server, Android and iOS,
Please check https://appium.io/docs/en/2.19/guides/caps/
| *Option*            | *Man.* | *Description*     |
| remote_url          | Yes    | Appium server url |
| alias               | No     | alias             |</doc>
<status status="PASS" start="2026-05-29T02:10:10.895503" elapsed="6.713963"/>
</kw>
<kw name="Log To Console" owner="BuiltIn">
<arg>\n[Info] Đã mở thành công App: ${app_type}</arg>
<doc>Logs the given message to the console.</doc>
<status status="PASS" start="2026-05-29T02:10:17.609466" elapsed="0.000000"/>
</kw>
<doc>Mở ứng dụng tùy chọn. Mặc định là mở App User. Truyền 'admin' để mở App Admin.</doc>
<status status="PASS" start="2026-05-29T02:10:10.893483" elapsed="6.717496"/>
</kw>
<kw name="Thuc Hien Dang Nhap" owner="dang_nhap_keywords">
<kw name="Common - Click Element" owner="keywords">
<kw name="Wait Until Element Is Visible" owner="AppiumLibrary">
<msg time="2026-05-29T02:10:22.084908" level="INFO">xpath criteria: //*[@bounds='[60,2762][270,2972]']</msg>
<arg>${locator}</arg>
<arg>30s</arg>
<doc>Waits until the element specified by the ``locator`` is visible.</doc>
<status status="PASS" start="2026-05-29T02:10:17.610979" elapsed="4.473929"/>
</kw>
<kw name="Click Element" owner="AppiumLibrary">
<msg time="2026-05-29T02:10:22.087418" level="INFO">Clicking element 'xpath=//*[@bounds='[60,2762][270,2972]']'.</msg>
<msg time="2026-05-29T02:10:26.561023" level="INFO">xpath criteria: //*[@bounds='[60,2762][270,2972]']</msg>
<arg>${locator}</arg>
<doc>Clicks the element identified by ``locator``.</doc>
<status status="PASS" start="2026-05-29T02:10:22.084908" elapsed="4.476115"/>
</kw>
<arg>${btn_menu}</arg>
<status status="PASS" start="2026-05-29T02:10:17.610979" elapsed="8.950044"/>
</kw>
<kw name="Common - Click Element" owner="keywords">
<kw name="Wait Until Element Is Visible" owner="AppiumLibrary">
<msg time="2026-05-29T02:10:26.607389" level="INFO">criteria is btn_menu_personal</msg>
<arg>${locator}</arg>
<arg>30s</arg>
<doc>Waits until the element specified by the ``locator`` is visible.</doc>
<status status="PASS" start="2026-05-29T02:10:26.562447" elapsed="0.044942"/>
</kw>
<kw name="Click Element" owner="AppiumLibrary">
<msg time="2026-05-29T02:10:26.610165" level="INFO">Clicking element 'id=btn_menu_personal'.</msg>
<msg time="2026-05-29T02:10:26.680050" level="INFO">criteria is btn_menu_personal</msg>
<arg>${locator}</arg>
<doc>Clicks the element identified by ``locator``.</doc>
<status status="PASS" start="2026-05-29T02:10:26.607389" elapsed="0.073653"/>
</kw>
<arg>${btn_option_ca_nhan}</arg>
<status status="PASS" start="2026-05-29T02:10:26.561023" elapsed="0.120019"/>
</kw>
<kw name="Common - Click Element" owner="keywords">
<kw name="Wait Until Element Is Visible" owner="AppiumLibrary">
<arg>${locator}</arg>
<arg>30s</arg>
<doc>Waits until the element specified by the ``locator`` is visible.</doc>
<status status="PASS" start="2026-05-29T02:10:26.681549" elapsed="4.602275"/>
</kw>
<kw name="Click Element" owner="AppiumLibrary">
<msg time="2026-05-29T02:10:31.285830" level="INFO">Clicking element 'accessibility_id=Đăng nhập'.</msg>
<arg>${locator}</arg>
<doc>Clicks the element identified by ``locator``.</doc>
<status status="PASS" start="2026-05-29T02:10:31.283824" elapsed="0.877708"/>
</kw>
<arg>${btn_open_form_login}</arg>
<status status="PASS" start="2026-05-29T02:10:26.681042" elapsed="5.480490"/>
</kw>
<kw name="Common - Click Element" owner="keywords">
<kw name="Wait Until Element Is Visible" owner="AppiumLibrary">
<msg time="2026-05-29T02:10:32.203699" level="INFO">criteria is login_phone_number</msg>
<arg>${locator}</arg>
<arg>30s</arg>
<doc>Waits until the element specified by the ``locator`` is visible.</doc>
<status status="PASS" start="2026-05-29T02:10:32.161532" elapsed="0.043168"/>
</kw>
<kw name="Click Element" owner="AppiumLibrary">
<msg time="2026-05-29T02:10:32.206707" level="INFO">Clicking element 'id=login_phone_number'.</msg>
<msg time="2026-05-29T02:10:32.274084" level="INFO">criteria is login_phone_number</msg>
<arg>${locator}</arg>
<doc>Clicks the element identified by ``locator``.</doc>
<status status="PASS" start="2026-05-29T02:10:32.204700" elapsed="0.069384"/>
</kw>
<arg>${input_phone_number}</arg>
<status status="PASS" start="2026-05-29T02:10:32.161532" elapsed="0.112552"/>
</kw>
<kw name="Common - Input Element" owner="keywords">
<kw name="Wait Until Element Is Visible" owner="AppiumLibrary">
<msg time="2026-05-29T02:10:33.350788" level="INFO">criteria is login_phone_number</msg>
<arg>${input_locator}</arg>
<doc>Waits until the element specified by the ``locator`` is visible.</doc>
<status status="PASS" start="2026-05-29T02:10:32.274084" elapsed="1.076704"/>
</kw>
<kw name="Clear Text" owner="AppiumLibrary">
<msg time="2026-05-29T02:10:33.352728" level="INFO">Clear text field 'id=login_phone_number'</msg>
<msg time="2026-05-29T02:10:33.390731" level="INFO">criteria is login_phone_number</msg>
<arg>${input_locator}</arg>
<doc>Clears the text field identified by ``locator``.</doc>
<status status="PASS" start="2026-05-29T02:10:33.350788" elapsed="0.039943"/>
</kw>
<kw name="Input Text" owner="AppiumLibrary">
<msg time="2026-05-29T02:10:33.392749" level="INFO">Typing text '0989628827' into text field 'id=login_phone_number'</msg>
<msg time="2026-05-29T02:10:33.434203" level="INFO">criteria is login_phone_number</msg>
<arg>${input_locator}</arg>
<arg>${value}</arg>
<doc>Types the given ``text`` into the text field identified by ``locator``.</doc>
<status status="PASS" start="2026-05-29T02:10:33.390731" elapsed="0.043472"/>
</kw>
<arg>${input_phone_number}</arg>
<arg>${so_dien_thoai}</arg>
<status status="PASS" start="2026-05-29T02:10:32.274084" elapsed="1.160119"/>
</kw>
<kw name="Common - Click Element" owner="keywords">
<kw name="Wait Until Element Is Visible" owner="AppiumLibrary">
<msg time="2026-05-29T02:10:33.971574" level="INFO">criteria is login_password</msg>
<arg>${locator}</arg>
<arg>30s</arg>
<doc>Waits until the element specified by the ``locator`` is visible.</doc>
<status status="PASS" start="2026-05-29T02:10:33.435206" elapsed="0.536368"/>
</kw>
<kw name="Click Element" owner="AppiumLibrary">
<msg time="2026-05-29T02:10:33.974590" level="INFO">Clicking element 'id=login_password'.</msg>
<msg time="2026-05-29T02:10:34.040038" level="INFO">criteria is login_password</msg>
<arg>${locator}</arg>
<doc>Clicks the element identified by ``locator``.</doc>
<status status="PASS" start="2026-05-29T02:10:33.971574" elapsed="0.068464"/>
</kw>
<arg>${input_password}</arg>
<status status="PASS" start="2026-05-29T02:10:33.434203" elapsed="0.605835"/>
</kw>
<kw name="Common - Input Element" owner="keywords">
<kw name="Wait Until Element Is Visible" owner="AppiumLibrary">
<msg time="2026-05-29T02:10:34.690719" level="INFO">criteria is login_password</msg>
<arg>${input_locator}</arg>
<doc>Waits until the element specified by the ``locator`` is visible.</doc>
<status status="PASS" start="2026-05-29T02:10:34.041037" elapsed="0.649682"/>
</kw>
<kw name="Clear Text" owner="AppiumLibrary">
<msg time="2026-05-29T02:10:34.692724" level="INFO">Clear text field 'id=login_password'</msg>
<msg time="2026-05-29T02:10:34.731082" level="INFO">criteria is login_password</msg>
<arg>${input_locator}</arg>
<doc>Clears the text field identified by ``locator``.</doc>
<status status="PASS" start="2026-05-29T02:10:34.690719" elapsed="0.040363"/>
</kw>
<kw name="Input Text" owner="AppiumLibrary">
<msg time="2026-05-29T02:10:34.734097" level="INFO">Typing text 'Dung123@' into text field 'id=login_password'</msg>
<msg time="2026-05-29T02:10:34.775008" level="INFO">criteria is login_password</msg>
<arg>${input_locator}</arg>
<arg>${value}</arg>
<doc>Types the given ``text`` into the text field identified by ``locator``.</doc>
<status status="PASS" start="2026-05-29T02:10:34.731082" elapsed="0.043926"/>
</kw>
<arg>${input_password}</arg>
<arg>${mat_khau}</arg>
<status status="PASS" start="2026-05-29T02:10:34.040038" elapsed="0.734970"/>
</kw>
<kw name="Common - Click Element" owner="keywords">
<kw name="Wait Until Element Is Visible" owner="AppiumLibrary">
<msg time="2026-05-29T02:10:35.334099" level="INFO">criteria is btn_login</msg>
<arg>${locator}</arg>
<arg>30s</arg>
<doc>Waits until the element specified by the ``locator`` is visible.</doc>
<status status="PASS" start="2026-05-29T02:10:34.775008" elapsed="0.559091"/>
</kw>
<kw name="Click Element" owner="AppiumLibrary">
<msg time="2026-05-29T02:10:35.336207" level="INFO">Clicking element 'id=btn_login'.</msg>
<msg time="2026-05-29T02:10:35.910704" level="INFO">criteria is btn_login</msg>
<arg>${locator}</arg>
<doc>Clicks the element identified by ``locator``.</doc>
<status status="PASS" start="2026-05-29T02:10:35.334099" elapsed="0.576605"/>
</kw>
<arg>${btn_nav_login}</arg>
<status status="PASS" start="2026-05-29T02:10:34.775008" elapsed="1.135696"/>
</kw>
<arg>${dt_phone_number}</arg>
<arg>${dt_password}</arg>
<status status="PASS" start="2026-05-29T02:10:17.610979" elapsed="18.299725"/>
</kw>
<kw name="Log To Console" owner="BuiltIn">
<arg>\n[Info] Đã mở App và Đăng nhập thành công!</arg>
<doc>Logs the given message to the console.</doc>
<status status="PASS" start="2026-05-29T02:10:35.910704" elapsed="0.000000"/>
</kw>
<arg>${dt_phone_number}</arg>
<arg>${dt_password}</arg>
<doc>Gộp bước mở Appium và Đăng nhập để dùng cho Suite Setup</doc>
<status status="PASS" start="2026-05-29T02:10:10.893483" elapsed="25.017221"/>
</kw>
<test id="s1-t1" name="Kiem tra pull to refresh" line="28">
<kw name="Common - Click Element" owner="keywords">
<kw name="Wait Until Element Is Visible" owner="AppiumLibrary">
<msg time="2026-05-29T02:10:43.754066" level="INFO">xpath criteria: //*[@bounds='[368,2792][606,2942]']
xpath criteria: //*[@bounds='[368,2792][606,2942]']
xpath criteria: //*[@bounds='[368,2792][606,2942]']
xpath criteria: //*[@bounds='[368,2792][606,2942]']
xpath criteria: //*[@bounds='[368,2792][606,2942]']
xpath criteria: //*[@bounds='[368,2792][606,2942]']
xpath criteria: //*[@bounds='[368,2792][606,2942]']
xpath criteria: //*[@bounds='[368,2792][606,2942]']
xpath criteria: //*[@bounds='[368,2792][606,2942]']
xpath criteria: //*[@bounds='[368,2792][606,2942]']
xpath criteria: //*[@bounds='[368,2792][606,2942]']
xpath criteria: //*[@bounds='[368,2792][606,2942]']
xpath criteria: //*[@bounds='[368,2792][606,2942]']
xpath criteria: //*[@bounds='[368,2792][606,2942]']
xpath criteria: //*[@bounds='[368,2792][606,2942]']
xpath criteria: //*[@bounds='[368,2792][606,2942]']</msg>
<arg>${locator}</arg>
<arg>30s</arg>
<doc>Waits until the element specified by the ``locator`` is visible.</doc>
<status status="PASS" start="2026-05-29T02:10:35.912150" elapsed="7.841916"/>
</kw>
<kw name="Click Element" owner="AppiumLibrary">
<msg time="2026-05-29T02:10:43.756066" level="INFO">Clicking element 'xpath=//*[@bounds='[368,2792][606,2942]']'.</msg>
<msg time="2026-05-29T02:10:48.396784" level="INFO">xpath criteria: //*[@bounds='[368,2792][606,2942]']</msg>
<arg>${locator}</arg>
<doc>Clicks the element identified by ``locator``.</doc>
<status status="PASS" start="2026-05-29T02:10:43.754066" elapsed="4.642718"/>
</kw>
<arg>${menu_tim_nha}</arg>
<status status="PASS" start="2026-05-29T02:10:35.912150" elapsed="12.484634"/>
</kw>
<kw name="Common - Keo De Lam Moi Man Hinh" owner="keywords">
<kw name="Swipe By Percent" owner="AppiumLibrary">
<kw name="Capture Page Screenshot" owner="AppiumLibrary">
<doc>Takes a screenshot of the current page and embeds it into the log.</doc>
<status status="FAIL" start="2026-05-29T02:14:48.425427" elapsed="0.000000">Execution terminated by signal</status>
</kw>
<msg time="2026-05-29T02:14:48.428434" level="WARN">Keyword 'Capture Page Screenshot' could not be run on failure: Execution terminated by signal</msg>
<kw name="Capture Page Screenshot" owner="AppiumLibrary">
<doc>Takes a screenshot of the current page and embeds it into the log.</doc>
<status status="FAIL" start="2026-05-29T02:14:48.428434" elapsed="0.000998">Execution terminated by signal</status>
</kw>
<msg time="2026-05-29T02:14:48.430947" level="WARN">Keyword 'Capture Page Screenshot' could not be run on failure: Execution terminated by signal</msg>
<arg>50</arg>
<arg>40</arg>
<arg>50</arg>
<arg>90</arg>
<arg>${thoi_gian_vuot}</arg>
<doc>Swipes from one percent of the screen to another percent, for an optional ``duration``.
Normal swipe fails to scale for different screen resolutions, this can be avoided by using this keyword.</doc>
<status status="FAIL" start="2026-05-29T02:10:48.397779" elapsed="240.033168">Execution terminated by signal</status>
</kw>
<kw name="Sleep" owner="BuiltIn">
<arg>3s</arg>
<doc>Pauses the test executed for the given time.</doc>
<status status="NOT RUN" start="2026-05-29T02:14:48.430947" elapsed="0.000000"/>
</kw>
<arg>3000s</arg>
<doc>Thực hiện cử chỉ Pull-to-refresh bằng cách vuốt dọc từ trên xuống dưới.</doc>
<status status="FAIL" start="2026-05-29T02:10:48.397779" elapsed="240.033168">Execution terminated by signal</status>
</kw>
<kw name="Run Keyword If Test Failed" owner="BuiltIn" type="TEARDOWN">
<kw name="Capture Page Screenshot" owner="AppiumLibrary">
<msg time="2026-05-29T02:14:49.702219" level="INFO" html="true">&lt;/td&gt;&lt;/tr&gt;&lt;tr&gt;&lt;td colspan="3"&gt;&lt;a href="Kiem%20tra%20pull%20to%20refresh.png"&gt;&lt;img src="Kiem%20tra%20pull%20to%20refresh.png" width="800px"&gt;&lt;/a&gt;</msg>
<arg>${TEST_NAME}.png</arg>
<doc>Takes a screenshot of the current page and embeds it into the log.</doc>
<status status="PASS" start="2026-05-29T02:14:48.431957" elapsed="1.270262"/>
</kw>
<arg>Capture Page Screenshot</arg>
<arg>${TEST_NAME}.png</arg>
<doc>Runs the given keyword with the given arguments, if the test failed.</doc>
<status status="PASS" start="2026-05-29T02:14:48.431957" elapsed="1.270262"/>
</kw>
<status status="FAIL" start="2026-05-29T02:10:35.910704" elapsed="253.791515">Execution terminated by signal</status>
</test>
<kw name="Close Application" owner="AppiumLibrary" type="TEARDOWN">
<doc>Closes the current application and the webdriver session.</doc>
<status status="PASS" start="2026-05-29T02:14:49.703217" elapsed="0.714391"/>
</kw>
<status status="FAIL" start="2026-05-29T02:10:10.612734" elapsed="279.804874"/>
</suite>
<statistics>
<total>
<stat pass="0" fail="1" skip="0">All Tests</stat>
</total>
<tag>
</tag>
<suite>
<stat name="02 Dang Ky Xem Can Ho" id="s1" pass="0" fail="1" skip="0">02 Dang Ky Xem Can Ho</stat>
</suite>
</statistics>
<errors>
<msg time="2026-05-29T02:14:48.428434" level="WARN">Keyword 'Capture Page Screenshot' could not be run on failure: Execution terminated by signal</msg>
<msg time="2026-05-29T02:14:48.430947" level="WARN">Keyword 'Capture Page Screenshot' could not be run on failure: Execution terminated by signal</msg>
</errors>
</robot>
