<?xml version="1.0" encoding="UTF-8"?>
<robot generator="Robot 7.4.1 (Python 3.11.9 on win32)" generated="2026-05-23T19:07:01.775948" rpa="false" schemaversion="5">
<suite id="s1" name="01 Dang Nhap" source="D:\xanhstay_automation\tests\01_dang_nhap.robot">
<test id="s1-t1" name="TC_01_Dang_nhap_thanh_cong" line="7">
<kw name="Setup-Open application" owner="keywords" type="SETUP">
<kw name="Open Application" owner="AppiumLibrary">
<kw name="Capture Page Screenshot" owner="AppiumLibrary">
<doc>Takes a screenshot of the current page and embeds it into the log.</doc>
<status status="FAIL" start="2026-05-23T19:07:08.725758" elapsed="0.000000">Execution terminated by signal</status>
</kw>
<msg time="2026-05-23T19:07:08.728760" level="WARN">Keyword 'Capture Page Screenshot' could not be run on failure: Execution terminated by signal</msg>
<arg>remote_url=${remote_url}</arg>
<arg>automationName=${automationName}</arg>
<arg>platformName=${platformName}</arg>
<arg>deviceName=${deviceName}</arg>
<arg>platformVersion=${platformVersion}</arg>
<arg>appPackage=${appPackage}</arg>
<arg>appActivity=${appActivity}</arg>
<arg>noReset=${noReset}</arg>
<arg>fullReset=${fullReset}</arg>
<arg>disableIdLocatorAutocompletion=${disableIdLocatorAutocompletion}</arg>
<doc>Opens a new application to the given Appium server.
Capabilities of appium server, Android and iOS,
Please check https://appium.io/docs/en/2.19/guides/caps/
| *Option*            | *Man.* | *Description*     |
| remote_url          | Yes    | Appium server url |
| alias               | No     | alias             |</doc>
<status status="FAIL" start="2026-05-23T19:07:02.006678" elapsed="6.723082">Execution terminated by signal</status>
</kw>
<status status="FAIL" start="2026-05-23T19:07:02.006678" elapsed="6.723082">Execution terminated by signal</status>
</kw>
<kw name="Teardown - Close application" owner="keywords" type="TEARDOWN">
<kw name="Close Application" owner="AppiumLibrary">
<kw name="Capture Page Screenshot" owner="AppiumLibrary">
<msg time="2026-05-23T19:07:08.730759" level="FAIL">No application is open</msg>
<doc>Takes a screenshot of the current page and embeds it into the log.</doc>
<status status="FAIL" start="2026-05-23T19:07:08.730759" elapsed="0.002002">No application is open</status>
</kw>
<msg time="2026-05-23T19:07:08.735266" level="WARN">Keyword 'Capture Page Screenshot' could not be run on failure: No application is open</msg>
<msg time="2026-05-23T19:07:08.736271" level="FAIL">No application is open</msg>
<doc>Closes the current application and the webdriver session.</doc>
<status status="FAIL" start="2026-05-23T19:07:08.730759" elapsed="0.005512">No application is open</status>
</kw>
<status status="FAIL" start="2026-05-23T19:07:08.730759" elapsed="0.005512">No application is open</status>
</kw>
<doc>Đăng nhập thành công</doc>
<tag>flow</tag>
<tag>smoke</tag>
<status status="FAIL" start="2026-05-23T19:07:02.005683" elapsed="6.730588">Setup failed:
Execution terminated by signal

Also teardown failed:
No application is open</status>
</test>
<test id="s1-t2" name="TC02_De_Trong_SDT" line="12">
<doc>Bỏ trống trường SĐT</doc>
<tag>robot:exit</tag>
<tag>verify</tag>
<status status="FAIL" start="2026-05-23T19:07:08.737273" elapsed="0.000000">Test execution stopped due to a fatal error.</status>
</test>
<test id="s1-t3" name="TC03_De_Trong_Mat_Khau" line="18">
<doc>Bỏ trống trường mật khẩu</doc>
<tag>robot:exit</tag>
<tag>verify</tag>
<status status="FAIL" start="2026-05-23T19:07:08.737273" elapsed="0.000999">Test execution stopped due to a fatal error.</status>
</test>
<test id="s1-t4" name="TC04_De_Trong_SDT_Va_Mat_Khau" line="24">
<doc>Bỏ trống trường SĐT và mật khẩu</doc>
<tag>robot:exit</tag>
<tag>verify</tag>
<status status="FAIL" start="2026-05-23T19:07:08.738272" elapsed="0.000000">Test execution stopped due to a fatal error.</status>
</test>
<status status="FAIL" start="2026-05-23T19:07:01.777127" elapsed="6.961145"/>
</suite>
<statistics>
<total>
<stat pass="0" fail="4" skip="0">All Tests</stat>
</total>
<tag>
<stat info="combined" combined="NOT robot:exit" pass="0" fail="1" skip="0">NOT robot:exit</stat>
<stat pass="0" fail="1" skip="0">flow</stat>
<stat pass="0" fail="1" skip="0">smoke</stat>
<stat pass="0" fail="3" skip="0">verify</stat>
</tag>
<suite>
<stat name="01 Dang Nhap" id="s1" pass="0" fail="4" skip="0">01 Dang Nhap</stat>
</suite>
</statistics>
<errors>
<msg time="2026-05-23T19:07:02.004672" level="WARN">Imported resource file 'D:\xanhstay_automation\feature\quang_cao\danh_sach_quang_cao.variables.resource' is empty.</msg>
<msg time="2026-05-23T19:07:08.728760" level="WARN">Keyword 'Capture Page Screenshot' could not be run on failure: Execution terminated by signal</msg>
<msg time="2026-05-23T19:07:08.735266" level="WARN">Keyword 'Capture Page Screenshot' could not be run on failure: No application is open</msg>
</errors>
</robot>
