<?xml version="1.0" encoding="UTF-8"?>
<robot generator="Robot 7.4.1 (Python 3.11.9 on win32)" generated="2026-05-11T21:36:26.529777" rpa="false" schemaversion="5">
<suite id="s1" name="Dang Nhap" source="D:\xanhstay_automation\tests\dang_nhap.robot">
<test id="s1-t1" name="TC_01_Dang_nhap_thanh_cong" line="7">
<kw name="Setup-Open application" owner="keywords" type="SETUP">
<kw name="Open Application" owner="AppiumLibrary">
<arg>remote_url=${remote_url}</arg>
<arg>automationName=${automationName}</arg>
<arg>platformName=${platformName}</arg>
<arg>deviceName=${deviceName}</arg>
<arg>platformVersion=${platformVersion}</arg>
<arg>appPackage=${appPackage}</arg>
<arg>appActivity=${appActivity}</arg>
<arg>noReset=${noReset}</arg>
<doc>Opens a new application to the given Appium server.
Capabilities of appium server, Android and iOS,
Please check https://appium.io/docs/en/2.19/guides/caps/
| *Option*            | *Man.* | *Description*     |
| remote_url          | Yes    | Appium server url |
| alias               | No     | alias             |</doc>
<status status="PASS" start="2026-05-11T21:36:26.738361" elapsed="5.869289"/>
</kw>
<status status="PASS" start="2026-05-11T21:36:26.738361" elapsed="5.870301"/>
</kw>
<kw name="Thuc Hien Dang Nhap" owner="dang_nhap_keywords">
<kw name="Common - Click Element" owner="keywords">
<kw name="Wait Until Element Is Visible" owner="AppiumLibrary">
<msg time="2026-05-11T21:36:37.052300" level="INFO">xpath criteria: //android.widget.FrameLayout[@resource-id="android:id/content"]/android.widget.FrameLayout/android.view.View/android.view.View/android.view.View/android.view.View/android.view.View[2]</msg>
<arg>${locator}</arg>
<doc>Waits until the element specified by the ``locator`` is visible.</doc>
<status status="PASS" start="2026-05-11T21:36:32.609188" elapsed="4.443112"/>
</kw>
<kw name="Click Element" owner="AppiumLibrary">
<msg time="2026-05-11T21:36:37.053301" level="INFO">Clicking element 'xpath=//android.widget.FrameLayout[@resource-id="android:id/content"]/android.widget.FrameLayout/android.view.View/android.view.View/android.view.View/android.view.View/android.view.View[2]'.</msg>
<msg time="2026-05-11T21:36:37.170182" level="INFO">xpath criteria: //android.widget.FrameLayout[@resource-id="android:id/content"]/android.widget.FrameLayout/android.view.View/android.view.View/android.view.View/android.view.View/android.view.View[2]</msg>
<arg>${locator}</arg>
<doc>Clicks the element identified by ``locator``.</doc>
<status status="PASS" start="2026-05-11T21:36:37.052300" elapsed="0.117882"/>
</kw>
<arg>${btn_menu}</arg>
<status status="PASS" start="2026-05-11T21:36:32.609188" elapsed="4.560994"/>
</kw>
<kw name="Common - Click Element" owner="keywords">
<kw name="Wait Until Element Is Visible" owner="AppiumLibrary">
<arg>${locator}</arg>
<doc>Waits until the element specified by the ``locator`` is visible.</doc>
<status status="PASS" start="2026-05-11T21:36:37.171184" elapsed="4.429773"/>
</kw>
<kw name="Click Element" owner="AppiumLibrary">
<msg time="2026-05-11T21:36:41.601959" level="INFO">Clicking element 'accessibility_id=Cá nhân'.</msg>
<arg>${locator}</arg>
<doc>Clicks the element identified by ``locator``.</doc>
<status status="PASS" start="2026-05-11T21:36:41.600957" elapsed="4.660238"/>
</kw>
<arg>${btn_ca_nhan}</arg>
<status status="PASS" start="2026-05-11T21:36:37.171184" elapsed="9.090011"/>
</kw>
<kw name="Common - Click Element" owner="keywords">
<kw name="Wait Until Element Is Visible" owner="AppiumLibrary">
<arg>${locator}</arg>
<doc>Waits until the element specified by the ``locator`` is visible.</doc>
<status status="PASS" start="2026-05-11T21:36:46.261195" elapsed="0.092537"/>
</kw>
<kw name="Click Element" owner="AppiumLibrary">
<msg time="2026-05-11T21:36:46.355732" level="INFO">Clicking element 'accessibility_id=Đăng nhập'.</msg>
<arg>${locator}</arg>
<doc>Clicks the element identified by ``locator``.</doc>
<status status="PASS" start="2026-05-11T21:36:46.353732" elapsed="0.129895"/>
</kw>
<arg>${btn_open_login}</arg>
<status status="PASS" start="2026-05-11T21:36:46.261195" elapsed="0.223432"/>
</kw>
<kw name="Common - Click Element" owner="keywords">
<kw name="Wait Until Element Is Visible" owner="AppiumLibrary">
<msg time="2026-05-11T21:36:47.410333" level="INFO">xpath criteria: //android.widget.EditText[@hint='Số điện thoại']</msg>
<arg>${locator}</arg>
<doc>Waits until the element specified by the ``locator`` is visible.</doc>
<status status="PASS" start="2026-05-11T21:36:46.484627" elapsed="0.925706"/>
</kw>
<kw name="Click Element" owner="AppiumLibrary">
<msg time="2026-05-11T21:36:47.411347" level="INFO">Clicking element '//android.widget.EditText[@hint='Số điện thoại']'.</msg>
<msg time="2026-05-11T21:36:47.532445" level="INFO">xpath criteria: //android.widget.EditText[@hint='Số điện thoại']</msg>
<arg>${locator}</arg>
<doc>Clicks the element identified by ``locator``.</doc>
<status status="PASS" start="2026-05-11T21:36:47.410333" elapsed="0.122112"/>
</kw>
<arg>${input_phone_number}</arg>
<status status="PASS" start="2026-05-11T21:36:46.484627" elapsed="1.047818"/>
</kw>
<kw name="Common - Input Element" owner="keywords">
<kw name="Wait Until Element Is Visible" owner="AppiumLibrary">
<msg time="2026-05-11T21:36:48.614465" level="INFO">xpath criteria: //android.widget.EditText[@hint='Số điện thoại']</msg>
<arg>${input_locator}</arg>
<doc>Waits until the element specified by the ``locator`` is visible.</doc>
<status status="PASS" start="2026-05-11T21:36:47.533437" elapsed="1.081028"/>
</kw>
<kw name="Input Text" owner="AppiumLibrary">
<msg time="2026-05-11T21:36:48.615486" level="INFO">Typing text '0989628827' into text field '//android.widget.EditText[@hint='Số điện thoại']'</msg>
<msg time="2026-05-11T21:36:48.687525" level="INFO">xpath criteria: //android.widget.EditText[@hint='Số điện thoại']</msg>
<arg>${input_locator}</arg>
<arg>${value}</arg>
<doc>Types the given ``text`` into the text field identified by ``locator``.</doc>
<status status="PASS" start="2026-05-11T21:36:48.614465" elapsed="0.073060"/>
</kw>
<arg>${input_phone_number}</arg>
<arg>${so_dien_thoai}</arg>
<status status="PASS" start="2026-05-11T21:36:47.533437" elapsed="1.154088"/>
</kw>
<kw name="Common - Click Element" owner="keywords">
<kw name="Wait Until Element Is Visible" owner="AppiumLibrary">
<msg time="2026-05-11T21:36:49.282510" level="INFO">xpath criteria: //android.widget.EditText[@hint='Mật khẩu']</msg>
<arg>${locator}</arg>
<doc>Waits until the element specified by the ``locator`` is visible.</doc>
<status status="PASS" start="2026-05-11T21:36:48.687525" elapsed="0.594985"/>
</kw>
<kw name="Click Element" owner="AppiumLibrary">
<msg time="2026-05-11T21:36:49.283513" level="INFO">Clicking element '//android.widget.EditText[@hint='Mật khẩu']'.</msg>
<msg time="2026-05-11T21:36:49.401345" level="INFO">xpath criteria: //android.widget.EditText[@hint='Mật khẩu']</msg>
<arg>${locator}</arg>
<doc>Clicks the element identified by ``locator``.</doc>
<status status="PASS" start="2026-05-11T21:36:49.282510" elapsed="0.118835"/>
</kw>
<arg>${input_password}</arg>
<status status="PASS" start="2026-05-11T21:36:48.687525" elapsed="0.713820"/>
</kw>
<kw name="Common - Input Element" owner="keywords">
<kw name="Wait Until Element Is Visible" owner="AppiumLibrary">
<msg time="2026-05-11T21:36:50.100362" level="INFO">xpath criteria: //android.widget.EditText[@hint='Mật khẩu']</msg>
<arg>${input_locator}</arg>
<doc>Waits until the element specified by the ``locator`` is visible.</doc>
<status status="PASS" start="2026-05-11T21:36:49.402345" elapsed="0.698017"/>
</kw>
<kw name="Input Text" owner="AppiumLibrary">
<msg time="2026-05-11T21:36:50.101361" level="INFO">Typing text 'Dung123@' into text field '//android.widget.EditText[@hint='Mật khẩu']'</msg>
<msg time="2026-05-11T21:36:50.178588" level="INFO">xpath criteria: //android.widget.EditText[@hint='Mật khẩu']</msg>
<arg>${input_locator}</arg>
<arg>${value}</arg>
<doc>Types the given ``text`` into the text field identified by ``locator``.</doc>
<status status="PASS" start="2026-05-11T21:36:50.100362" elapsed="0.078226"/>
</kw>
<arg>${input_password}</arg>
<arg>${mat_khau}</arg>
<status status="PASS" start="2026-05-11T21:36:49.401345" elapsed="0.777243"/>
</kw>
<kw name="Common - Click Element" owner="keywords">
<kw name="Wait Until Element Is Visible" owner="AppiumLibrary">
<msg time="2026-05-11T21:36:50.769564" level="INFO">xpath criteria: //android.widget.Button[@content-desc="Đăng nhập"]</msg>
<arg>${locator}</arg>
<doc>Waits until the element specified by the ``locator`` is visible.</doc>
<status status="PASS" start="2026-05-11T21:36:50.179656" elapsed="0.589908"/>
</kw>
<kw name="Click Element" owner="AppiumLibrary">
<msg time="2026-05-11T21:36:50.771561" level="INFO">Clicking element 'xpath=//android.widget.Button[@content-desc="Đăng nhập"]'.</msg>
<msg time="2026-05-11T21:36:51.407326" level="INFO">xpath criteria: //android.widget.Button[@content-desc="Đăng nhập"]</msg>
<arg>${locator}</arg>
<doc>Clicks the element identified by ``locator``.</doc>
<status status="PASS" start="2026-05-11T21:36:50.770562" elapsed="0.636764"/>
</kw>
<arg>${btn_login}</arg>
<status status="PASS" start="2026-05-11T21:36:50.178588" elapsed="1.228738"/>
</kw>
<arg>${phone_number}</arg>
<arg>${password}</arg>
<status status="PASS" start="2026-05-11T21:36:32.608662" elapsed="18.798664"/>
</kw>
<kw name="Teardown - Close application" owner="keywords" type="TEARDOWN">
<kw name="Close Application" owner="AppiumLibrary">
<doc>Closes the current application and the webdriver session.</doc>
<status status="PASS" start="2026-05-11T21:36:51.408325" elapsed="0.612587"/>
</kw>
<status status="PASS" start="2026-05-11T21:36:51.407326" elapsed="0.613586"/>
</kw>
<status status="PASS" start="2026-05-11T21:36:26.738361" elapsed="25.282551"/>
</test>
<status status="PASS" start="2026-05-11T21:36:26.532289" elapsed="25.488623"/>
</suite>
<statistics>
<total>
<stat pass="1" fail="0" skip="0">All Tests</stat>
</total>
<tag>
</tag>
<suite>
<stat name="Dang Nhap" id="s1" pass="1" fail="0" skip="0">Dang Nhap</stat>
</suite>
</statistics>
<errors>
<msg time="2026-05-11T21:36:26.733357" level="WARN">Imported resource file 'D:\xanhstay_automation\common\variables.resource' is empty.</msg>
</errors>
</robot>
