<?xml version="1.0" encoding="UTF-8"?>
<robot generator="Robot 7.4.1 (Python 3.11.9 on win32)" generated="2026-06-02T03:40:22.382493" rpa="false" schemaversion="5">
<suite id="s1" name="04 Thanh Toan Hoa Don" source="D:\xanhstay_automation\tests\04_thanh_toan_hoa_don.robot">
<test id="s1-t1" name="TC_02_Duyet_Hoa_Don_Thanh_Toan_Tien_Coc" line="20">
<kw name="Setup-Open application" owner="keywords" type="SETUP">
<kw name="Set Variable" owner="BuiltIn">
<msg time="2026-06-02T03:40:22.700385" level="INFO">${target_package} = com.xanh.stay</msg>
<var>${target_package}</var>
<arg>${user_appPackage}</arg>
<doc>Returns the given values which can then be assigned to a variables.</doc>
<status status="PASS" start="2026-06-02T03:40:22.700385" elapsed="0.000000"/>
</kw>
<kw name="Set Variable" owner="BuiltIn">
<msg time="2026-06-02T03:40:22.701383" level="INFO">${target_activity} = com.xanh.stay.MainActivity</msg>
<var>${target_activity}</var>
<arg>${user_appActivity}</arg>
<doc>Returns the given values which can then be assigned to a variables.</doc>
<status status="PASS" start="2026-06-02T03:40:22.700385" elapsed="0.000998"/>
</kw>
<if>
<branch type="IF" condition="'${app_type}' == 'admin'">
<kw name="Set Variable" owner="BuiltIn">
<msg time="2026-06-02T03:40:22.701383" level="INFO">${target_package} = com.xanhstay.admin</msg>
<var>${target_package}</var>
<arg>${admin_appPackage}</arg>
<doc>Returns the given values which can then be assigned to a variables.</doc>
<status status="PASS" start="2026-06-02T03:40:22.701383" elapsed="0.000000"/>
</kw>
<kw name="Set Variable" owner="BuiltIn">
<msg time="2026-06-02T03:40:22.701383" level="INFO">${target_activity} = com.example.xs_admin_app.MainActivity</msg>
<var>${target_activity}</var>
<arg>${admin_appActivity}</arg>
<doc>Returns the given values which can then be assigned to a variables.</doc>
<status status="PASS" start="2026-06-02T03:40:22.701383" elapsed="0.000000"/>
</kw>
<status status="PASS" start="2026-06-02T03:40:22.701383" elapsed="0.000000"/>
</branch>
<status status="PASS" start="2026-06-02T03:40:22.701383" elapsed="0.000000"/>
</if>
<kw name="Open Application" owner="AppiumLibrary">
<arg>remote_url=${remote_url}</arg>
<arg>automationName=${automationName}</arg>
<arg>platformName=${platformName}</arg>
<arg>deviceName=${deviceName}</arg>
<arg>platformVersion=${platformVersion}</arg>
<arg>appPackage=${target_package}</arg>
<arg>appActivity=${target_activity}</arg>
<arg>noReset=${noReset}</arg>
<arg>fullReset=${fullReset}</arg>
<arg>disableIdLocatorAutocompletion=${disableIdLocatorAutocompletion}</arg>
<doc>Opens a new application to the given Appium server.
Capabilities of appium server, Android and iOS,
Please check https://appium.io/docs/en/2.19/guides/caps/
| *Option*            | *Man.* | *Description*     |
| remote_url          | Yes    | Appium server url |
| alias               | No     | alias             |</doc>
<status status="PASS" start="2026-06-02T03:40:22.701383" elapsed="7.989932"/>
</kw>
<kw name="Log To Console" owner="BuiltIn">
<arg>\n[Info] Đã mở thành công App: ${app_type}</arg>
<doc>Logs the given message to the console.</doc>
<status status="PASS" start="2026-06-02T03:40:30.692325" elapsed="0.000000"/>
</kw>
<arg>admin</arg>
<doc>Mở ứng dụng tùy chọn. Mặc định là mở App User. Truyền 'admin' để mở App Admin.</doc>
<status status="PASS" start="2026-06-02T03:40:22.700385" elapsed="7.991940"/>
</kw>
<kw name="Thuc Hien Dang Nhap App Admin" owner="dang_nhap_keywords">
<kw name="Common - Click Element" owner="keywords">
<kw name="Wait Until Element Is Visible" owner="AppiumLibrary">
<msg time="2026-06-02T03:40:32.067849" level="INFO">xpath criteria: //android.view.View[@content-desc='Tài khoản']/following-sibling::android.widget.EditText[1]</msg>
<arg>${locator}</arg>
<arg>30s</arg>
<doc>Waits until the element specified by the ``locator`` is visible.</doc>
<status status="PASS" start="2026-06-02T03:40:30.693325" elapsed="1.374524"/>
</kw>
<kw name="Click Element" owner="AppiumLibrary">
<msg time="2026-06-02T03:40:32.071088" level="INFO">Clicking element 'xpath=//android.view.View[@content-desc='Tài khoản']/following-sibling::android.widget.EditText[1]'.</msg>
<msg time="2026-06-02T03:40:32.163611" level="INFO">xpath criteria: //android.view.View[@content-desc='Tài khoản']/following-sibling::android.widget.EditText[1]</msg>
<arg>${locator}</arg>
<doc>Clicks the element identified by ``locator``.</doc>
<status status="PASS" start="2026-06-02T03:40:32.067849" elapsed="0.095762"/>
</kw>
<arg>${input_tai_khoan_admin}</arg>
<status status="PASS" start="2026-06-02T03:40:30.693325" elapsed="1.470286"/>
</kw>
<kw name="Common - Input Element" owner="keywords">
<kw name="Wait Until Element Is Visible" owner="AppiumLibrary">
<msg time="2026-06-02T03:40:34.233065" level="INFO">xpath criteria: //android.view.View[@content-desc='Tài khoản']/following-sibling::android.widget.EditText[1]</msg>
<arg>${input_locator}</arg>
<arg>5s</arg>
<arg>error=${error_msg_input}</arg>
<doc>Waits until the element specified by the ``locator`` is visible.</doc>
<status status="PASS" start="2026-06-02T03:40:32.163611" elapsed="2.069454"/>
</kw>
<kw name="Clear Text" owner="AppiumLibrary">
<msg time="2026-06-02T03:40:34.236071" level="INFO">Clear text field 'xpath=//android.view.View[@content-desc='Tài khoản']/following-sibling::android.widget.EditText[1]'</msg>
<msg time="2026-06-02T03:40:34.305256" level="INFO">xpath criteria: //android.view.View[@content-desc='Tài khoản']/following-sibling::android.widget.EditText[1]</msg>
<arg>${input_locator}</arg>
<doc>Clears the text field identified by ``locator``.</doc>
<status status="PASS" start="2026-06-02T03:40:34.233065" elapsed="0.072191"/>
</kw>
<kw name="Input Text" owner="AppiumLibrary">
<msg time="2026-06-02T03:40:34.308255" level="INFO">Typing text 'dungltk' into text field 'xpath=//android.view.View[@content-desc='Tài khoản']/following-sibling::android.widget.EditText[1]'</msg>
<msg time="2026-06-02T03:40:34.386510" level="INFO">xpath criteria: //android.view.View[@content-desc='Tài khoản']/following-sibling::android.widget.EditText[1]</msg>
<arg>${input_locator}</arg>
<arg>${value}</arg>
<doc>Types the given ``text`` into the text field identified by ``locator``.</doc>
<status status="PASS" start="2026-06-02T03:40:34.306256" elapsed="0.080254"/>
</kw>
<arg>${input_tai_khoan_admin}</arg>
<arg>${tai_khoan_admin}</arg>
<status status="PASS" start="2026-06-02T03:40:32.163611" elapsed="2.222899"/>
</kw>
<kw name="Common - Click Element" owner="keywords">
<kw name="Wait Until Element Is Visible" owner="AppiumLibrary">
<msg time="2026-06-02T03:40:34.919480" level="INFO">xpath criteria: //android.view.View[@content-desc='Tài khoản']/following-sibling::android.widget.EditText[2]</msg>
<arg>${locator}</arg>
<arg>30s</arg>
<doc>Waits until the element specified by the ``locator`` is visible.</doc>
<status status="PASS" start="2026-06-02T03:40:34.386510" elapsed="0.532970"/>
</kw>
<kw name="Click Element" owner="AppiumLibrary">
<msg time="2026-06-02T03:40:34.923895" level="INFO">Clicking element 'xpath=//android.view.View[@content-desc='Tài khoản']/following-sibling::android.widget.EditText[2]'.</msg>
<msg time="2026-06-02T03:40:35.009727" level="INFO">xpath criteria: //android.view.View[@content-desc='Tài khoản']/following-sibling::android.widget.EditText[2]</msg>
<arg>${locator}</arg>
<doc>Clicks the element identified by ``locator``.</doc>
<status status="PASS" start="2026-06-02T03:40:34.919480" elapsed="0.090247"/>
</kw>
<arg>${input_password_admin}</arg>
<status status="PASS" start="2026-06-02T03:40:34.386510" elapsed="0.623217"/>
</kw>
<kw name="Common - Input Element" owner="keywords">
<kw name="Wait Until Element Is Visible" owner="AppiumLibrary">
<msg time="2026-06-02T03:40:35.686465" level="INFO">xpath criteria: //android.view.View[@content-desc='Tài khoản']/following-sibling::android.widget.EditText[2]</msg>
<arg>${input_locator}</arg>
<arg>5s</arg>
<arg>error=${error_msg_input}</arg>
<doc>Waits until the element specified by the ``locator`` is visible.</doc>
<status status="PASS" start="2026-06-02T03:40:35.011236" elapsed="0.675229"/>
</kw>
<kw name="Clear Text" owner="AppiumLibrary">
<msg time="2026-06-02T03:40:35.688864" level="INFO">Clear text field 'xpath=//android.view.View[@content-desc='Tài khoản']/following-sibling::android.widget.EditText[2]'</msg>
<msg time="2026-06-02T03:40:35.743515" level="INFO">xpath criteria: //android.view.View[@content-desc='Tài khoản']/following-sibling::android.widget.EditText[2]</msg>
<arg>${input_locator}</arg>
<doc>Clears the text field identified by ``locator``.</doc>
<status status="PASS" start="2026-06-02T03:40:35.686465" elapsed="0.057050"/>
</kw>
<kw name="Input Text" owner="AppiumLibrary">
<msg time="2026-06-02T03:40:35.746692" level="INFO">Typing text 'Dung123@' into text field 'xpath=//android.view.View[@content-desc='Tài khoản']/following-sibling::android.widget.EditText[2]'</msg>
<msg time="2026-06-02T03:40:35.808245" level="INFO">xpath criteria: //android.view.View[@content-desc='Tài khoản']/following-sibling::android.widget.EditText[2]</msg>
<arg>${input_locator}</arg>
<arg>${value}</arg>
<doc>Types the given ``text`` into the text field identified by ``locator``.</doc>
<status status="PASS" start="2026-06-02T03:40:35.743515" elapsed="0.064730"/>
</kw>
<arg>${input_password_admin}</arg>
<arg>${mat_khau_admin}</arg>
<status status="PASS" start="2026-06-02T03:40:35.011236" elapsed="0.797009"/>
</kw>
<kw name="Common - Click Element" owner="keywords">
<kw name="Wait Until Element Is Visible" owner="AppiumLibrary">
<msg time="2026-06-02T03:40:36.333097" level="INFO">xpath criteria: //android.widget.Button[@content-desc="Đăng nhập"]</msg>
<arg>${locator}</arg>
<arg>30s</arg>
<doc>Waits until the element specified by the ``locator`` is visible.</doc>
<status status="PASS" start="2026-06-02T03:40:35.809242" elapsed="0.523855"/>
</kw>
<kw name="Click Element" owner="AppiumLibrary">
<msg time="2026-06-02T03:40:36.336111" level="INFO">Clicking element 'xpath=//android.widget.Button[@content-desc="Đăng nhập"]'.</msg>
<msg time="2026-06-02T03:40:37.229327" level="INFO">xpath criteria: //android.widget.Button[@content-desc="Đăng nhập"]</msg>
<arg>${locator}</arg>
<doc>Clicks the element identified by ``locator``.</doc>
<status status="PASS" start="2026-06-02T03:40:36.333097" elapsed="0.897213"/>
</kw>
<arg>${btn_login_admin}</arg>
<status status="PASS" start="2026-06-02T03:40:35.808245" elapsed="1.422065"/>
</kw>
<arg>${dt_tai_khoan_admin}</arg>
<arg>${dt_mat_khau_admin}</arg>
<arg>${dt_display_name_admin}</arg>
<status status="PASS" start="2026-06-02T03:40:30.692325" elapsed="6.537985"/>
</kw>
<kw name="Thuc Hien Duyet Hoa Don Thanh Toan Tien Coc" owner="thanh_toan_hoa_don.keywords">
<kw name="Common - Click Element" owner="keywords">
<kw name="Wait Until Element Is Visible" owner="AppiumLibrary">
<kw name="Capture Page Screenshot" owner="AppiumLibrary">
<doc>Takes a screenshot of the current page and embeds it into the log.</doc>
<status status="FAIL" start="2026-06-02T03:40:38.788248" elapsed="0.000000">Execution terminated by signal</status>
</kw>
<msg time="2026-06-02T03:40:38.791104" level="WARN">Keyword 'Capture Page Screenshot' could not be run on failure: Execution terminated by signal</msg>
<arg>${locator}</arg>
<arg>30s</arg>
<doc>Waits until the element specified by the ``locator`` is visible.</doc>
<status status="FAIL" start="2026-06-02T03:40:37.230310" elapsed="1.560794">Execution terminated by signal</status>
</kw>
<kw name="Click Element" owner="AppiumLibrary">
<arg>${locator}</arg>
<doc>Clicks the element identified by ``locator``.</doc>
<status status="NOT RUN" start="2026-06-02T03:40:38.792111" elapsed="0.000000"/>
</kw>
<arg>${menu_hoa_don_admin}</arg>
<status status="FAIL" start="2026-06-02T03:40:37.230310" elapsed="1.561801">Execution terminated by signal</status>
</kw>
<kw name="Sleep" owner="BuiltIn">
<arg>3s</arg>
<doc>Pauses the test executed for the given time.</doc>
<status status="NOT RUN" start="2026-06-02T03:40:38.792111" elapsed="0.000000"/>
</kw>
<kw name="Common - Click Element" owner="keywords">
<arg>${btn_chon_hoa_don_thanh_toan_coc_t1_admin}</arg>
<arg>Không tìm thấy hóa đơn cọc cần duyệt</arg>
<status status="NOT RUN" start="2026-06-02T03:40:38.792111" elapsed="0.000000"/>
</kw>
<kw name="Sleep" owner="BuiltIn">
<arg>5s</arg>
<doc>Pauses the test executed for the given time.</doc>
<status status="NOT RUN" start="2026-06-02T03:40:38.792111" elapsed="0.000000"/>
</kw>
<kw name="Common - Click Element" owner="keywords">
<arg>${btn_xac_nhan_thanh_toan_admin}</arg>
<status status="NOT RUN" start="2026-06-02T03:40:38.792111" elapsed="0.000000"/>
</kw>
<kw name="Sleep" owner="BuiltIn">
<arg>5s</arg>
<doc>Pauses the test executed for the given time.</doc>
<status status="NOT RUN" start="2026-06-02T03:40:38.792111" elapsed="0.000000"/>
</kw>
<kw name="Common - Click Element" owner="keywords">
<arg>${popup_xac_nhan_thanh_toan_admin}</arg>
<status status="NOT RUN" start="2026-06-02T03:40:38.792111" elapsed="0.000000"/>
</kw>
<kw name="Sleep" owner="BuiltIn">
<arg>7s</arg>
<doc>Pauses the test executed for the given time.</doc>
<status status="NOT RUN" start="2026-06-02T03:40:38.792111" elapsed="0.000000"/>
</kw>
<kw name="Wait Until Page Contains Element" owner="AppiumLibrary">
<arg>${msg_duyet_hoa_don_thanh_cong_admin}</arg>
<doc>Waits until the element specified by the ``locator`` appears on the current page.</doc>
<status status="NOT RUN" start="2026-06-02T03:40:38.793410" elapsed="0.000000"/>
</kw>
<kw name="Sleep" owner="BuiltIn">
<arg>5s</arg>
<doc>Pauses the test executed for the given time.</doc>
<status status="NOT RUN" start="2026-06-02T03:40:38.793410" elapsed="0.000000"/>
</kw>
<kw name="Common - Click Element" owner="keywords">
<arg>${btn_back_admin}</arg>
<status status="NOT RUN" start="2026-06-02T03:40:38.793410" elapsed="0.000000"/>
</kw>
<kw name="Common - Keo De Lam Moi Man Hinh" owner="keywords">
<arg>2000ms</arg>
<doc>Thực hiện cử chỉ Pull-to-refresh bằng cách vuốt dọc từ trên xuống dưới.</doc>
<status status="NOT RUN" start="2026-06-02T03:40:38.793410" elapsed="0.000000"/>
</kw>
<status status="FAIL" start="2026-06-02T03:40:37.230310" elapsed="1.563100">Execution terminated by signal</status>
</kw>
<doc>Admin duyệt hóa đơn tiền cọc</doc>
<tag>smoke flow</tag>
<status status="FAIL" start="2026-06-02T03:40:22.699385" elapsed="16.094025">Execution terminated by signal</status>
</test>
<test id="s1-t2" name="TC_03_Duyet_Hoa_Don_Thanh_Toan_Tien_Thue" line="28">
<doc>Admin duyệt hóa đơn tiền cọc</doc>
<tag>robot:exit</tag>
<tag>smoke flow</tag>
<status status="FAIL" start="2026-06-02T03:40:38.794418" elapsed="0.000000">Test execution stopped due to a fatal error.</status>
</test>
<status status="FAIL" start="2026-06-02T03:40:22.383493" elapsed="16.411927"/>
</suite>
<statistics>
<total>
<stat pass="0" fail="2" skip="0">All Tests</stat>
</total>
<tag>
<stat info="combined" combined="NOT robot:exit" pass="0" fail="1" skip="0">NOT robot:exit</stat>
<stat pass="0" fail="2" skip="0">smoke flow</stat>
</tag>
<suite>
<stat name="04 Thanh Toan Hoa Don" id="s1" pass="0" fail="2" skip="0">04 Thanh Toan Hoa Don</stat>
</suite>
</statistics>
<errors>
<msg time="2026-06-02T03:40:38.791104" level="WARN">Keyword 'Capture Page Screenshot' could not be run on failure: Execution terminated by signal</msg>
</errors>
</robot>
