<?xml version="1.0" encoding="UTF-8"?>
<robot generator="Robot 7.4.1 (Python 3.11.9 on win32)" generated="2026-05-13T19:40:20.197815" rpa="false" schemaversion="5">
<suite id="s1" name="Tests" source="D:\xanhstay_automation\tests">
<suite id="s1-s1" name="01 Dang Nhap" source="D:\xanhstay_automation\tests\01_dang_nhap.robot">
<test id="s1-s1-t1" name="TC_01_Dang_nhap_thanh_cong" line="7">
<kw name="Setup-Open application" owner="keywords" type="SETUP">
<kw name="Open Application" owner="AppiumLibrary">
<kw name="Capture Page Screenshot" owner="AppiumLibrary">
<msg time="2026-05-13T19:40:21.583674" level="FAIL">No application is open</msg>
<doc>Takes a screenshot of the current page and embeds it into the log.</doc>
<status status="FAIL" start="2026-05-13T19:40:21.582674" elapsed="0.002000">No application is open</status>
</kw>
<msg time="2026-05-13T19:40:21.585683" level="WARN">Keyword 'Capture Page Screenshot' could not be run on failure: No application is open</msg>
<msg time="2026-05-13T19:40:21.586674" level="FAIL">WebDriverException: Message: Full reset requires an app capability, use fastReset if app is not provided
Stacktrace:
UnknownError: Full reset requires an app capability, use fastReset if app is not provided
    at getResponseForW3CError (C:\Users\PC\AppData\Roaming\npm\node_modules\appium\node_modules\@appium\base-driver\lib\protocol\errors.ts:1103:34)
    at asyncHandler (C:\Users\PC\AppData\Roaming\npm\node_modules\appium\node_modules\@appium\base-driver\lib\protocol\protocol.ts:507:57)
The above error is caused by
Error: Full reset requires an app capability, use fastReset if app is not provided
    at Object.errorWithException (C:\Users\PC\AppData\Roaming\npm\node_modules\appium\node_modules\@appium\support\lib\logging.js:41:45)
    at AndroidUiautomator2Driver.initAUT (C:\Users\PC\.appium\node_modules\appium-uiautomator2-driver\lib\driver.ts:783:24)
    at AndroidUiautomator2Driver.performSessionExecution (C:\Users\PC\.appium\node_modules\appium-uiautomator2-driver\lib\driver.ts:611:12)
    at AndroidUiautomator2Driver.startUiAutomator2Session (C:\Users\PC\.appium\node_modules\appium-uiautomator2-driver\lib\driver.ts:680:5)
    at AndroidUiautomator2Driver.createSession (C:\Users\PC\.appium\node_modules\appium-uiautomator2-driver\lib\driver.ts:407:22)
    at AppiumDriver.createSession (C:\Users\PC\AppData\Roaming\npm\node_modules\appium\lib\appium.js:360:35)</msg>
<arg>remote_url=${remote_url}</arg>
<arg>automationName=${automationName}</arg>
<arg>platformName=${platformName}</arg>
<arg>deviceName=${deviceName}</arg>
<arg>platformVersion=${platformVersion}</arg>
<arg>appPackage=${appPackage}</arg>
<arg>appActivity=${appActivity}</arg>
<arg>noReset=${noReset}</arg>
<arg>fullReset=${fullReset}</arg>
<doc>Opens a new application to the given Appium server.
Capabilities of appium server, Android and iOS,
Please check https://appium.io/docs/en/2.19/guides/caps/
| *Option*            | *Man.* | *Description*     |
| remote_url          | Yes    | Appium server url |
| alias               | No     | alias             |</doc>
<status status="FAIL" start="2026-05-13T19:40:20.396197" elapsed="1.190477">WebDriverException: Message: Full reset requires an app capability, use fastReset if app is not provided
Stacktrace:
UnknownError: Full reset requires an app capability, use fastReset if app is not provided
    at getResponseForW3CError (C:\Users\PC\AppData\Roaming\npm\node_modules\appium\node_modules\@appium\base-driver\lib\protocol\errors.ts:1103:34)
    at asyncHandler (C:\Users\PC\AppData\Roaming\npm\node_modules\appium\node_modules\@appium\base-driver\lib\protocol\protocol.ts:507:57)
The above error is caused by
Error: Full reset requires an app capability, use fastReset if app is not provided
    at Object.errorWithException (C:\Users\PC\AppData\Roaming\npm\node_modules\appium\node_modules\@appium\support\lib\logging.js:41:45)
    at AndroidUiautomator2Driver.initAUT (C:\Users\PC\.appium\node_modules\appium-uiautomator2-driver\lib\driver.ts:783:24)
    at AndroidUiautomator2Driver.performSessionExecution (C:\Users\PC\.appium\node_modules\appium-uiautomator2-driver\lib\driver.ts:611:12)
    at AndroidUiautomator2Driver.startUiAutomator2Session (C:\Users\PC\.appium\node_modules\appium-uiautomator2-driver\lib\driver.ts:680:5)
    at AndroidUiautomator2Driver.createSession (C:\Users\PC\.appium\node_modules\appium-uiautomator2-driver\lib\driver.ts:407:22)
    at AppiumDriver.createSession (C:\Users\PC\AppData\Roaming\npm\node_modules\appium\lib\appium.js:360:35)</status>
</kw>
<status status="FAIL" start="2026-05-13T19:40:20.395196" elapsed="1.191478">WebDriverException: Message: Full reset requires an app capability, use fastReset if app is not provided
Stacktrace:
UnknownError: Full reset requires an app capability, use fastReset if app is not provided
    at getResponseForW3CError (C:\Users\PC\AppData\Roaming\npm\node_modules\appium\node_modules\@appium\base-driver\lib\protocol\errors.ts:1103:34)
    at asyncHandler (C:\Users\PC\AppData\Roaming\npm\node_modules\appium\node_modules\@appium\base-driver\lib\protocol\protocol.ts:507:57)
The above error is caused by
Error: Full reset requires an app capability, use fastReset if app is not provided
    at Object.errorWithException (C:\Users\PC\AppData\Roaming\npm\node_modules\appium\node_modules\@appium\support\lib\logging.js:41:45)
    at AndroidUiautomator2Driver.initAUT (C:\Users\PC\.appium\node_modules\appium-uiautomator2-driver\lib\driver.ts:783:24)
    at AndroidUiautomator2Driver.performSessionExecution (C:\Users\PC\.appium\node_modules\appium-uiautomator2-driver\lib\driver.ts:611:12)
    at AndroidUiautomator2Driver.startUiAutomator2Session (C:\Users\PC\.appium\node_modules\appium-uiautomator2-driver\lib\driver.ts:680:5)
    at AndroidUiautomator2Driver.createSession (C:\Users\PC\.appium\node_modules\appium-uiautomator2-driver\lib\driver.ts:407:22)
    at AppiumDriver.createSession (C:\Users\PC\AppData\Roaming\npm\node_modules\appium\lib\appium.js:360:35)</status>
</kw>
<kw name="Teardown - Close application" owner="keywords" type="TEARDOWN">
<kw name="Close Application" owner="AppiumLibrary">
<kw name="Capture Page Screenshot" owner="AppiumLibrary">
<msg time="2026-05-13T19:40:21.587674" level="FAIL">No application is open</msg>
<doc>Takes a screenshot of the current page and embeds it into the log.</doc>
<status status="FAIL" start="2026-05-13T19:40:21.587674" elapsed="0.000000">No application is open</status>
</kw>
<msg time="2026-05-13T19:40:21.588682" level="WARN">Keyword 'Capture Page Screenshot' could not be run on failure: No application is open</msg>
<msg time="2026-05-13T19:40:21.589674" level="FAIL">No application is open</msg>
<doc>Closes the current application and the webdriver session.</doc>
<status status="FAIL" start="2026-05-13T19:40:21.587674" elapsed="0.002000">No application is open</status>
</kw>
<status status="FAIL" start="2026-05-13T19:40:21.587674" elapsed="0.002000">No application is open</status>
</kw>
<status status="FAIL" start="2026-05-13T19:40:20.395196" elapsed="1.194478">Setup failed:
WebDriverException: Message: Full reset requires an app capability, use fastReset if app is not provided
Stacktrace:
UnknownError: Full reset requires an app capability, use fastReset if app is not provided
    at getResponseForW3CError (C:\Users\PC\AppData\Roaming\npm\node_modules\appium\node_modules\@appium\base-driver\lib\protocol\errors.ts:1103:34)
    at asyncHandler (C:\Users\PC\AppData\Roaming\npm\node_modules\appium\node_modules\@appium\base-driver\lib\protocol\protocol.ts:507:57)
The above error is caused by
Error: Full reset requires an app capability, use fastReset if app is not provided
    at Object.errorWithException (C:\Users\PC\AppData\Roaming\npm\node_modules\appium\node_modules\@appium\support\lib\logging.js:41:45)
    at AndroidUiautomator2Driver.initAUT (C:\Users\PC\.appium\node_modules\appium-uiautomator2-driver\lib\driver.ts:783:24)
    at AndroidUiautomator2Driver.performSessionExecution (C:\Users\PC\.appium\node_modules\appium-uiautomator2-driver\lib\driver.ts:611:12)
    at AndroidUiautomator2Driver.startUiAutomator2Session (C:\Users\PC\.appium\node_modules\appium-uiautomator2-driver\lib\driver.ts:680:5)
    at AndroidUiautomator2Driver.createSession (C:\Users\PC\.appium\node_modules\appium-uiautomator2-driver\lib\driver.ts:407:22)
    at AppiumDriver.createSession (C:\Users\PC\AppData\Roaming\npm\node_modules\appium\lib\appium.js:360:35)

Also teardown failed:
No application is open</status>
</test>
<status status="FAIL" start="2026-05-13T19:40:20.225261" elapsed="1.364413"/>
</suite>
<suite id="s1-s2" name="02 Dang Ky Xem Can Ho" source="D:\xanhstay_automation\tests\02_dang_ky_xem_can_ho.robot">
<test id="s1-s2-t1" name="TC_01_Dang_ky_xem_can_ho_thanh_cong" line="5">
<kw name="Setup-Open application" owner="keywords">
<kw name="Open Application" owner="AppiumLibrary">
<kw name="Capture Page Screenshot" owner="AppiumLibrary">
<msg time="2026-05-13T19:40:22.845569" level="FAIL">No application is open</msg>
<doc>Takes a screenshot of the current page and embeds it into the log.</doc>
<status status="FAIL" start="2026-05-13T19:40:22.845569" elapsed="0.000992">No application is open</status>
</kw>
<msg time="2026-05-13T19:40:22.847561" level="WARN">Keyword 'Capture Page Screenshot' could not be run on failure: No application is open</msg>
<msg time="2026-05-13T19:40:22.848075" level="FAIL">WebDriverException: Message: Full reset requires an app capability, use fastReset if app is not provided
Stacktrace:
UnknownError: Full reset requires an app capability, use fastReset if app is not provided
    at getResponseForW3CError (C:\Users\PC\AppData\Roaming\npm\node_modules\appium\node_modules\@appium\base-driver\lib\protocol\errors.ts:1103:34)
    at asyncHandler (C:\Users\PC\AppData\Roaming\npm\node_modules\appium\node_modules\@appium\base-driver\lib\protocol\protocol.ts:507:57)
The above error is caused by
Error: Full reset requires an app capability, use fastReset if app is not provided
    at Object.errorWithException (C:\Users\PC\AppData\Roaming\npm\node_modules\appium\node_modules\@appium\support\lib\logging.js:41:45)
    at AndroidUiautomator2Driver.initAUT (C:\Users\PC\.appium\node_modules\appium-uiautomator2-driver\lib\driver.ts:783:24)
    at AndroidUiautomator2Driver.performSessionExecution (C:\Users\PC\.appium\node_modules\appium-uiautomator2-driver\lib\driver.ts:611:12)
    at AndroidUiautomator2Driver.startUiAutomator2Session (C:\Users\PC\.appium\node_modules\appium-uiautomator2-driver\lib\driver.ts:680:5)
    at AndroidUiautomator2Driver.createSession (C:\Users\PC\.appium\node_modules\appium-uiautomator2-driver\lib\driver.ts:407:22)
    at AppiumDriver.createSession (C:\Users\PC\AppData\Roaming\npm\node_modules\appium\lib\appium.js:360:35)</msg>
<arg>remote_url=${remote_url}</arg>
<arg>automationName=${automationName}</arg>
<arg>platformName=${platformName}</arg>
<arg>deviceName=${deviceName}</arg>
<arg>platformVersion=${platformVersion}</arg>
<arg>appPackage=${appPackage}</arg>
<arg>appActivity=${appActivity}</arg>
<arg>noReset=${noReset}</arg>
<arg>fullReset=${fullReset}</arg>
<doc>Opens a new application to the given Appium server.
Capabilities of appium server, Android and iOS,
Please check https://appium.io/docs/en/2.19/guides/caps/
| *Option*            | *Man.* | *Description*     |
| remote_url          | Yes    | Appium server url |
| alias               | No     | alias             |</doc>
<status status="FAIL" start="2026-05-13T19:40:21.598686" elapsed="1.249389">WebDriverException: Message: Full reset requires an app capability, use fastReset if app is not provided
Stacktrace:
UnknownError: Full reset requires an app capability, use fastReset if app is not provided
    at getResponseForW3CError (C:\Users\PC\AppData\Roaming\npm\node_modules\appium\node_modules\@appium\base-driver\lib\protocol\errors.ts:1103:34)
    at asyncHandler (C:\Users\PC\AppData\Roaming\npm\node_modules\appium\node_modules\@appium\base-driver\lib\protocol\protocol.ts:507:57)
The above error is caused by
Error: Full reset requires an app capability, use fastReset if app is not provided
    at Object.errorWithException (C:\Users\PC\AppData\Roaming\npm\node_modules\appium\node_modules\@appium\support\lib\logging.js:41:45)
    at AndroidUiautomator2Driver.initAUT (C:\Users\PC\.appium\node_modules\appium-uiautomator2-driver\lib\driver.ts:783:24)
    at AndroidUiautomator2Driver.performSessionExecution (C:\Users\PC\.appium\node_modules\appium-uiautomator2-driver\lib\driver.ts:611:12)
    at AndroidUiautomator2Driver.startUiAutomator2Session (C:\Users\PC\.appium\node_modules\appium-uiautomator2-driver\lib\driver.ts:680:5)
    at AndroidUiautomator2Driver.createSession (C:\Users\PC\.appium\node_modules\appium-uiautomator2-driver\lib\driver.ts:407:22)
    at AppiumDriver.createSession (C:\Users\PC\AppData\Roaming\npm\node_modules\appium\lib\appium.js:360:35)</status>
</kw>
<status status="FAIL" start="2026-05-13T19:40:21.598686" elapsed="1.249389">WebDriverException: Message: Full reset requires an app capability, use fastReset if app is not provided
Stacktrace:
UnknownError: Full reset requires an app capability, use fastReset if app is not provided
    at getResponseForW3CError (C:\Users\PC\AppData\Roaming\npm\node_modules\appium\node_modules\@appium\base-driver\lib\protocol\errors.ts:1103:34)
    at asyncHandler (C:\Users\PC\AppData\Roaming\npm\node_modules\appium\node_modules\@appium\base-driver\lib\protocol\protocol.ts:507:57)
The above error is caused by
Error: Full reset requires an app capability, use fastReset if app is not provided
    at Object.errorWithException (C:\Users\PC\AppData\Roaming\npm\node_modules\appium\node_modules\@appium\support\lib\logging.js:41:45)
    at AndroidUiautomator2Driver.initAUT (C:\Users\PC\.appium\node_modules\appium-uiautomator2-driver\lib\driver.ts:783:24)
    at AndroidUiautomator2Driver.performSessionExecution (C:\Users\PC\.appium\node_modules\appium-uiautomator2-driver\lib\driver.ts:611:12)
    at AndroidUiautomator2Driver.startUiAutomator2Session (C:\Users\PC\.appium\node_modules\appium-uiautomator2-driver\lib\driver.ts:680:5)
    at AndroidUiautomator2Driver.createSession (C:\Users\PC\.appium\node_modules\appium-uiautomator2-driver\lib\driver.ts:407:22)
    at AppiumDriver.createSession (C:\Users\PC\AppData\Roaming\npm\node_modules\appium\lib\appium.js:360:35)</status>
</kw>
<kw name="Thuc Hien Dang Nhap" owner="dang_nhap_keywords">
<arg>${dt_phone_number}</arg>
<arg>${dt_password}</arg>
<status status="NOT RUN" start="2026-05-13T19:40:22.848075" elapsed="0.000000"/>
</kw>
<kw name="Thuc Hien Dang Ky Can Ho Khi Chua Login">
<arg>${dt_ho_ten}</arg>
<arg>${dt_email}</arg>
<arg>${dt_phone_number}</arg>
<status status="NOT RUN" start="2026-05-13T19:40:22.849087" elapsed="0.000000"/>
</kw>
<kw name="Teardown - Close application" owner="keywords">
<status status="NOT RUN" start="2026-05-13T19:40:22.849087" elapsed="0.000000"/>
</kw>
<tag>open_app</tag>
<status status="FAIL" start="2026-05-13T19:40:21.598686" elapsed="1.250401">WebDriverException: Message: Full reset requires an app capability, use fastReset if app is not provided
Stacktrace:
UnknownError: Full reset requires an app capability, use fastReset if app is not provided
    at getResponseForW3CError (C:\Users\PC\AppData\Roaming\npm\node_modules\appium\node_modules\@appium\base-driver\lib\protocol\errors.ts:1103:34)
    at asyncHandler (C:\Users\PC\AppData\Roaming\npm\node_modules\appium\node_modules\@appium\base-driver\lib\protocol\protocol.ts:507:57)
The above error is caused by
Error: Full reset requires an app capability, use fastReset if app is not provided
    at Object.errorWithException (C:\Users\PC\AppData\Roaming\npm\node_modules\appium\node_modules\@appium\support\lib\logging.js:41:45)
    at AndroidUiautomator2Driver.initAUT (C:\Users\PC\.appium\node_modules\appium-uiautomator2-driver\lib\driver.ts:783:24)
    at AndroidUiautomator2Driver.performSessionExecution (C:\Users\PC\.appium\node_modules\appium-uiautomator2-driver\lib\driver.ts:611:12)
    at AndroidUiautomator2Driver.startUiAutomator2Session (C:\Users\PC\.appium\node_modules\appium-uiautomator2-driver\lib\driver.ts:680:5)
    at AndroidUiautomator2Driver.createSession (C:\Users\PC\.appium\node_modules\appium-uiautomator2-driver\lib\driver.ts:407:22)
    at AppiumDriver.createSession (C:\Users\PC\AppData\Roaming\npm\node_modules\appium\lib\appium.js:360:35)</status>
</test>
<status status="FAIL" start="2026-05-13T19:40:21.590682" elapsed="1.258405"/>
</suite>
<suite id="s1-s3" name="03 Thue Can Ho" source="D:\xanhstay_automation\tests\03_thue_can_ho.robot">
<test id="s1-s3-t1" name="TC_01_Dang_ky_thue_can_ho_thanh_cong" line="5">
<kw name="Setup-Open application" owner="keywords">
<kw name="Open Application" owner="AppiumLibrary">
<kw name="Capture Page Screenshot" owner="AppiumLibrary">
<msg time="2026-05-13T19:40:24.058159" level="FAIL">No application is open</msg>
<doc>Takes a screenshot of the current page and embeds it into the log.</doc>
<status status="FAIL" start="2026-05-13T19:40:24.058159" elapsed="0.000000">No application is open</status>
</kw>
<msg time="2026-05-13T19:40:24.060166" level="WARN">Keyword 'Capture Page Screenshot' could not be run on failure: No application is open</msg>
<msg time="2026-05-13T19:40:24.060166" level="FAIL">WebDriverException: Message: Full reset requires an app capability, use fastReset if app is not provided
Stacktrace:
UnknownError: Full reset requires an app capability, use fastReset if app is not provided
    at getResponseForW3CError (C:\Users\PC\AppData\Roaming\npm\node_modules\appium\node_modules\@appium\base-driver\lib\protocol\errors.ts:1103:34)
    at asyncHandler (C:\Users\PC\AppData\Roaming\npm\node_modules\appium\node_modules\@appium\base-driver\lib\protocol\protocol.ts:507:57)
The above error is caused by
Error: Full reset requires an app capability, use fastReset if app is not provided
    at Object.errorWithException (C:\Users\PC\AppData\Roaming\npm\node_modules\appium\node_modules\@appium\support\lib\logging.js:41:45)
    at AndroidUiautomator2Driver.initAUT (C:\Users\PC\.appium\node_modules\appium-uiautomator2-driver\lib\driver.ts:783:24)
    at AndroidUiautomator2Driver.performSessionExecution (C:\Users\PC\.appium\node_modules\appium-uiautomator2-driver\lib\driver.ts:611:12)
    at AndroidUiautomator2Driver.startUiAutomator2Session (C:\Users\PC\.appium\node_modules\appium-uiautomator2-driver\lib\driver.ts:680:5)
    at AndroidUiautomator2Driver.createSession (C:\Users\PC\.appium\node_modules\appium-uiautomator2-driver\lib\driver.ts:407:22)
    at AppiumDriver.createSession (C:\Users\PC\AppData\Roaming\npm\node_modules\appium\lib\appium.js:360:35)</msg>
<arg>remote_url=${remote_url}</arg>
<arg>automationName=${automationName}</arg>
<arg>platformName=${platformName}</arg>
<arg>deviceName=${deviceName}</arg>
<arg>platformVersion=${platformVersion}</arg>
<arg>appPackage=${appPackage}</arg>
<arg>appActivity=${appActivity}</arg>
<arg>noReset=${noReset}</arg>
<arg>fullReset=${fullReset}</arg>
<doc>Opens a new application to the given Appium server.
Capabilities of appium server, Android and iOS,
Please check https://appium.io/docs/en/2.19/guides/caps/
| *Option*            | *Man.* | *Description*     |
| remote_url          | Yes    | Appium server url |
| alias               | No     | alias             |</doc>
<status status="FAIL" start="2026-05-13T19:40:22.857093" elapsed="1.203073">WebDriverException: Message: Full reset requires an app capability, use fastReset if app is not provided
Stacktrace:
UnknownError: Full reset requires an app capability, use fastReset if app is not provided
    at getResponseForW3CError (C:\Users\PC\AppData\Roaming\npm\node_modules\appium\node_modules\@appium\base-driver\lib\protocol\errors.ts:1103:34)
    at asyncHandler (C:\Users\PC\AppData\Roaming\npm\node_modules\appium\node_modules\@appium\base-driver\lib\protocol\protocol.ts:507:57)
The above error is caused by
Error: Full reset requires an app capability, use fastReset if app is not provided
    at Object.errorWithException (C:\Users\PC\AppData\Roaming\npm\node_modules\appium\node_modules\@appium\support\lib\logging.js:41:45)
    at AndroidUiautomator2Driver.initAUT (C:\Users\PC\.appium\node_modules\appium-uiautomator2-driver\lib\driver.ts:783:24)
    at AndroidUiautomator2Driver.performSessionExecution (C:\Users\PC\.appium\node_modules\appium-uiautomator2-driver\lib\driver.ts:611:12)
    at AndroidUiautomator2Driver.startUiAutomator2Session (C:\Users\PC\.appium\node_modules\appium-uiautomator2-driver\lib\driver.ts:680:5)
    at AndroidUiautomator2Driver.createSession (C:\Users\PC\.appium\node_modules\appium-uiautomator2-driver\lib\driver.ts:407:22)
    at AppiumDriver.createSession (C:\Users\PC\AppData\Roaming\npm\node_modules\appium\lib\appium.js:360:35)</status>
</kw>
<status status="FAIL" start="2026-05-13T19:40:22.857093" elapsed="1.203073">WebDriverException: Message: Full reset requires an app capability, use fastReset if app is not provided
Stacktrace:
UnknownError: Full reset requires an app capability, use fastReset if app is not provided
    at getResponseForW3CError (C:\Users\PC\AppData\Roaming\npm\node_modules\appium\node_modules\@appium\base-driver\lib\protocol\errors.ts:1103:34)
    at asyncHandler (C:\Users\PC\AppData\Roaming\npm\node_modules\appium\node_modules\@appium\base-driver\lib\protocol\protocol.ts:507:57)
The above error is caused by
Error: Full reset requires an app capability, use fastReset if app is not provided
    at Object.errorWithException (C:\Users\PC\AppData\Roaming\npm\node_modules\appium\node_modules\@appium\support\lib\logging.js:41:45)
    at AndroidUiautomator2Driver.initAUT (C:\Users\PC\.appium\node_modules\appium-uiautomator2-driver\lib\driver.ts:783:24)
    at AndroidUiautomator2Driver.performSessionExecution (C:\Users\PC\.appium\node_modules\appium-uiautomator2-driver\lib\driver.ts:611:12)
    at AndroidUiautomator2Driver.startUiAutomator2Session (C:\Users\PC\.appium\node_modules\appium-uiautomator2-driver\lib\driver.ts:680:5)
    at AndroidUiautomator2Driver.createSession (C:\Users\PC\.appium\node_modules\appium-uiautomator2-driver\lib\driver.ts:407:22)
    at AppiumDriver.createSession (C:\Users\PC\AppData\Roaming\npm\node_modules\appium\lib\appium.js:360:35)</status>
</kw>
<kw name="Thuc Hien Dang Nhap" owner="dang_nhap_keywords">
<arg>${dt_phone_number}</arg>
<arg>${dt_password}</arg>
<status status="NOT RUN" start="2026-05-13T19:40:24.061157" elapsed="0.000000"/>
</kw>
<kw name="Thuc Hien Thue Can Ho" owner="thue_can_ho.keywords">
<arg>${dt_so_nguoi_o}</arg>
<status status="NOT RUN" start="2026-05-13T19:40:24.061157" elapsed="0.000000"/>
</kw>
<kw name="Teardown - Close application" owner="keywords">
<status status="NOT RUN" start="2026-05-13T19:40:24.061157" elapsed="0.000000"/>
</kw>
<status status="FAIL" start="2026-05-13T19:40:22.857093" elapsed="1.204064">WebDriverException: Message: Full reset requires an app capability, use fastReset if app is not provided
Stacktrace:
UnknownError: Full reset requires an app capability, use fastReset if app is not provided
    at getResponseForW3CError (C:\Users\PC\AppData\Roaming\npm\node_modules\appium\node_modules\@appium\base-driver\lib\protocol\errors.ts:1103:34)
    at asyncHandler (C:\Users\PC\AppData\Roaming\npm\node_modules\appium\node_modules\@appium\base-driver\lib\protocol\protocol.ts:507:57)
The above error is caused by
Error: Full reset requires an app capability, use fastReset if app is not provided
    at Object.errorWithException (C:\Users\PC\AppData\Roaming\npm\node_modules\appium\node_modules\@appium\support\lib\logging.js:41:45)
    at AndroidUiautomator2Driver.initAUT (C:\Users\PC\.appium\node_modules\appium-uiautomator2-driver\lib\driver.ts:783:24)
    at AndroidUiautomator2Driver.performSessionExecution (C:\Users\PC\.appium\node_modules\appium-uiautomator2-driver\lib\driver.ts:611:12)
    at AndroidUiautomator2Driver.startUiAutomator2Session (C:\Users\PC\.appium\node_modules\appium-uiautomator2-driver\lib\driver.ts:680:5)
    at AndroidUiautomator2Driver.createSession (C:\Users\PC\.appium\node_modules\appium-uiautomator2-driver\lib\driver.ts:407:22)
    at AppiumDriver.createSession (C:\Users\PC\AppData\Roaming\npm\node_modules\appium\lib\appium.js:360:35)</status>
</test>
<status status="FAIL" start="2026-05-13T19:40:22.850085" elapsed="1.211072"/>
</suite>
<status status="FAIL" start="2026-05-13T19:40:20.199081" elapsed="3.863076"/>
</suite>
<statistics>
<total>
<stat pass="0" fail="3" skip="0">All Tests</stat>
</total>
<tag>
<stat pass="0" fail="1" skip="0">open_app</stat>
</tag>
<suite>
<stat name="Tests" id="s1" pass="0" fail="3" skip="0">Tests</stat>
<stat name="01 Dang Nhap" id="s1-s1" pass="0" fail="1" skip="0">Tests.01 Dang Nhap</stat>
<stat name="02 Dang Ky Xem Can Ho" id="s1-s2" pass="0" fail="1" skip="0">Tests.02 Dang Ky Xem Can Ho</stat>
<stat name="03 Thue Can Ho" id="s1-s3" pass="0" fail="1" skip="0">Tests.03 Thue Can Ho</stat>
</suite>
</statistics>
<errors>
<msg time="2026-05-13T19:40:21.585683" level="WARN">Keyword 'Capture Page Screenshot' could not be run on failure: No application is open</msg>
<msg time="2026-05-13T19:40:21.588682" level="WARN">Keyword 'Capture Page Screenshot' could not be run on failure: No application is open</msg>
<msg time="2026-05-13T19:40:22.847561" level="WARN">Keyword 'Capture Page Screenshot' could not be run on failure: No application is open</msg>
<msg time="2026-05-13T19:40:24.060166" level="WARN">Keyword 'Capture Page Screenshot' could not be run on failure: No application is open</msg>
</errors>
</robot>
